[ 2015-08-05T13:31:01+08:00 ] ::1 /app/
INFO: [ app_init ] --START--
INFO: Run Behavior\BuildLiteBehavior [ RunTime:0.000035s ]
INFO: [ app_init ] --END-- [ RunTime:0.003768s ]

[ 2015-08-05T13:31:36+08:00 ] ::1 /app/
INFO: [ app_init ] --START--
INFO: Run Behavior\BuildLiteBehavior [ RunTime:0.000018s ]
INFO: [ app_init ] --END-- [ RunTime:0.000314s ]
INFO: [ app_begin ] --START--
INFO: Run Behavior\ReadHtmlCacheBehavior [ RunTime:0.001988s ]
INFO: [ app_begin ] --END-- [ RunTime:0.002054s ]
NOTIC: [8] Use of undefined constant name - assumed 'name' /Users/duzexuan/www/app/Application/Home/Controller/IndexController.class.php 第 13 行.
NOTIC: [8] Use of undefined constant age - assumed 'age' /Users/duzexuan/www/app/Application/Home/Controller/IndexController.class.php 第 13 行.
NOTIC: [8] Use of undefined constant name - assumed 'name' /Users/duzexuan/www/app/Application/Home/Controller/IndexController.class.php 第 14 行.
NOTIC: [8] Use of undefined constant age - assumed 'age' /Users/duzexuan/www/app/Application/Home/Controller/IndexController.class.php 第 14 行.
NOTIC: [8] Use of undefined constant name - assumed 'name' /Users/duzexuan/www/app/Application/Home/Controller/IndexController.class.php 第 15 行.
NOTIC: [8] Use of undefined constant age - assumed 'age' /Users/duzexuan/www/app/Application/Home/Controller/IndexController.class.php 第 15 行.
INFO: [ view_parse ] --START--
INFO: [ template_filter ] --START--
INFO: Run Behavior\ContentReplaceBehavior [ RunTime:0.000021s ]
INFO: [ template_filter ] --END-- [ RunTime:0.000116s ]
NOTIC: [2] Illegal string offset 'name' /Users/duzexuan/www/app/Application/Runtime/Cache/Home/2a94b8bda04ff446dcedd42276fc99ee.php 第 8 行.
NOTIC: [2] Illegal string offset 'age' /Users/duzexuan/www/app/Application/Runtime/Cache/Home/2a94b8bda04ff446dcedd42276fc99ee.php 第 8 行.
NOTIC: [2] Illegal string offset 'name' /Users/duzexuan/www/app/Application/Runtime/Cache/Home/2a94b8bda04ff446dcedd42276fc99ee.php 第 8 行.
NOTIC: [2] Illegal string offset 'age' /Users/duzexuan/www/app/Application/Runtime/Cache/Home/2a94b8bda04ff446dcedd42276fc99ee.php 第 8 行.
NOTIC: [2] Illegal string offset 'name' /Users/duzexuan/www/app/Application/Runtime/Cache/Home/2a94b8bda04ff446dcedd42276fc99ee.php 第 8 行.
NOTIC: [2] Illegal string offset 'age' /Users/duzexuan/www/app/Application/Runtime/Cache/Home/2a94b8bda04ff446dcedd42276fc99ee.php 第 8 行.
INFO: Run Behavior\ParseTemplateBehavior [ RunTime:0.016787s ]
INFO: [ view_parse ] --END-- [ RunTime:0.016837s ]
INFO: [ view_filter ] --START--
INFO: Run Behavior\WriteHtmlCacheBehavior [ RunTime:0.000706s ]
INFO: [ view_filter ] --END-- [ RunTime:0.000742s ]

[ 2015-08-05T13:32:30+08:00 ] ::1 /app/
INFO: [ app_init ] --START--
INFO: Run Behavior\BuildLiteBehavior [ RunTime:0.000008s ]
INFO: [ app_init ] --END-- [ RunTime:0.000177s ]
INFO: [ app_begin ] --START--
INFO: Run Behavior\ReadHtmlCacheBehavior [ RunTime:0.000302s ]
INFO: [ app_begin ] --END-- [ RunTime:0.000348s ]

[ 2015-08-05T13:34:05+08:00 ] ::1 /app/
INFO: [ app_init ] --START--
INFO: Run Behavior\BuildLiteBehavior [ RunTime:0.000010s ]
INFO: [ app_init ] --END-- [ RunTime:0.000312s ]
INFO: [ app_begin ] --START--
INFO: Run Behavior\ReadHtmlCacheBehavior [ RunTime:0.000739s ]
INFO: [ app_begin ] --END-- [ RunTime:0.000838s ]

[ 2015-08-05T13:34:07+08:00 ] ::1 /app/
INFO: [ app_init ] --START--
INFO: Run Behavior\BuildLiteBehavior [ RunTime:0.000009s ]
INFO: [ app_init ] --END-- [ RunTime:0.000180s ]
INFO: [ app_begin ] --START--
INFO: Run Behavior\ReadHtmlCacheBehavior [ RunTime:0.000225s ]
INFO: [ app_begin ] --END-- [ RunTime:0.000253s ]

[ 2015-08-05T13:35:09+08:00 ] ::1 /app/
INFO: [ app_init ] --START--
INFO: Run Behavior\BuildLiteBehavior [ RunTime:0.000008s ]
INFO: [ app_init ] --END-- [ RunTime:0.000290s ]
INFO: [ app_begin ] --START--
INFO: Run Behavior\ReadHtmlCacheBehavior [ RunTime:0.000516s ]
INFO: [ app_begin ] --END-- [ RunTime:0.000579s ]

[ 2015-08-05T13:39:15+08:00 ] ::1 /app/
INFO: [ app_init ] --START--
INFO: Run Behavior\BuildLiteBehavior [ RunTime:0.000010s ]
INFO: [ app_init ] --END-- [ RunTime:0.000272s ]
INFO: [ app_begin ] --START--
INFO: Run Behavior\ReadHtmlCacheBehavior [ RunTime:0.000381s ]
INFO: [ app_begin ] --END-- [ RunTime:0.000457s ]

[ 2015-08-05T13:41:22+08:00 ] ::1 /app/
INFO: [ app_init ] --START--
INFO: Run Behavior\BuildLiteBehavior [ RunTime:0.000011s ]
INFO: [ app_init ] --END-- [ RunTime:0.000393s ]
INFO: [ app_begin ] --START--
INFO: Run Behavior\ReadHtmlCacheBehavior [ RunTime:0.000349s ]
INFO: [ app_begin ] --END-- [ RunTime:0.000396s ]
NOTIC: [8] Use of undefined constant name - assumed 'name' /Users/duzexuan/www/app/Application/Home/Controller/IndexController.class.php 第 13 行.
NOTIC: [8] Use of undefined constant age - assumed 'age' /Users/duzexuan/www/app/Application/Home/Controller/IndexController.class.php 第 13 行.
NOTIC: [8] Use of undefined constant name - assumed 'name' /Users/duzexuan/www/app/Application/Home/Controller/IndexController.class.php 第 14 行.
NOTIC: [8] Use of undefined constant age - assumed 'age' /Users/duzexuan/www/app/Application/Home/Controller/IndexController.class.php 第 14 行.
NOTIC: [8] Use of undefined constant name - assumed 'name' /Users/duzexuan/www/app/Application/Home/Controller/IndexController.class.php 第 15 行.
NOTIC: [8] Use of undefined constant age - assumed 'age' /Users/duzexuan/www/app/Application/Home/Controller/IndexController.class.php 第 15 行.
INFO: [ view_parse ] --START--
INFO: [ template_filter ] --START--
INFO: Run Behavior\ContentReplaceBehavior [ RunTime:0.000025s ]
INFO: [ template_filter ] --END-- [ RunTime:0.000108s ]
NOTIC: [2] Illegal string offset 'name' /Users/duzexuan/www/app/Application/Runtime/Cache/Home/2a94b8bda04ff446dcedd42276fc99ee.php 第 8 行.
NOTIC: [2] Illegal string offset 'age' /Users/duzexuan/www/app/Application/Runtime/Cache/Home/2a94b8bda04ff446dcedd42276fc99ee.php 第 8 行.
NOTIC: [2] Illegal string offset 'name' /Users/duzexuan/www/app/Application/Runtime/Cache/Home/2a94b8bda04ff446dcedd42276fc99ee.php 第 8 行.
NOTIC: [2] Illegal string offset 'age' /Users/duzexuan/www/app/Application/Runtime/Cache/Home/2a94b8bda04ff446dcedd42276fc99ee.php 第 8 行.
NOTIC: [2] Illegal string offset 'name' /Users/duzexuan/www/app/Application/Runtime/Cache/Home/2a94b8bda04ff446dcedd42276fc99ee.php 第 8 行.
NOTIC: [2] Illegal string offset 'age' /Users/duzexuan/www/app/Application/Runtime/Cache/Home/2a94b8bda04ff446dcedd42276fc99ee.php 第 8 行.
INFO: Run Behavior\ParseTemplateBehavior [ RunTime:0.016926s ]
INFO: [ view_parse ] --END-- [ RunTime:0.016963s ]
INFO: [ view_filter ] --START--
INFO: Run Behavior\WriteHtmlCacheBehavior [ RunTime:0.000114s ]
INFO: [ view_filter ] --END-- [ RunTime:0.000136s ]

[ 2015-08-05T13:41:52+08:00 ] ::1 /app/
INFO: [ app_init ] --START--
INFO: Run Behavior\BuildLiteBehavior [ RunTime:0.000008s ]
INFO: [ app_init ] --END-- [ RunTime:0.000288s ]
INFO: [ app_begin ] --START--
INFO: Run Behavior\ReadHtmlCacheBehavior [ RunTime:0.000337s ]
INFO: [ app_begin ] --END-- [ RunTime:0.000380s ]
NOTIC: [8] Use of undefined constant name - assumed 'name' /Users/duzexuan/www/app/Application/Home/Controller/IndexController.class.php 第 13 行.
NOTIC: [8] Use of undefined constant age - assumed 'age' /Users/duzexuan/www/app/Application/Home/Controller/IndexController.class.php 第 13 行.
NOTIC: [8] Use of undefined constant name - assumed 'name' /Users/duzexuan/www/app/Application/Home/Controller/IndexController.class.php 第 14 行.
NOTIC: [8] Use of undefined constant age - assumed 'age' /Users/duzexuan/www/app/Application/Home/Controller/IndexController.class.php 第 14 行.
NOTIC: [8] Use of undefined constant name - assumed 'name' /Users/duzexuan/www/app/Application/Home/Controller/IndexController.class.php 第 15 行.
NOTIC: [8] Use of undefined constant age - assumed 'age' /Users/duzexuan/www/app/Application/Home/Controller/IndexController.class.php 第 15 行.
INFO: [ view_parse ] --START--
INFO: [ template_filter ] --START--
INFO: Run Behavior\ContentReplaceBehavior [ RunTime:0.000022s ]
INFO: [ template_filter ] --END-- [ RunTime:0.000075s ]
NOTIC: [2] Illegal string offset 'name' /Users/duzexuan/www/app/Application/Runtime/Cache/Home/2a94b8bda04ff446dcedd42276fc99ee.php 第 8 行.
NOTIC: [2] Illegal string offset 'age' /Users/duzexuan/www/app/Application/Runtime/Cache/Home/2a94b8bda04ff446dcedd42276fc99ee.php 第 8 行.
NOTIC: [2] Illegal string offset 'name' /Users/duzexuan/www/app/Application/Runtime/Cache/Home/2a94b8bda04ff446dcedd42276fc99ee.php 第 8 行.
NOTIC: [2] Illegal string offset 'age' /Users/duzexuan/www/app/Application/Runtime/Cache/Home/2a94b8bda04ff446dcedd42276fc99ee.php 第 8 行.
NOTIC: [2] Illegal string offset 'name' /Users/duzexuan/www/app/Application/Runtime/Cache/Home/2a94b8bda04ff446dcedd42276fc99ee.php 第 8 行.
NOTIC: [2] Illegal string offset 'age' /Users/duzexuan/www/app/Application/Runtime/Cache/Home/2a94b8bda04ff446dcedd42276fc99ee.php 第 8 行.
INFO: Run Behavior\ParseTemplateBehavior [ RunTime:0.011240s ]
INFO: [ view_parse ] --END-- [ RunTime:0.011293s ]
INFO: [ view_filter ] --START--
INFO: Run Behavior\WriteHtmlCacheBehavior [ RunTime:0.000142s ]
INFO: [ view_filter ] --END-- [ RunTime:0.000164s ]

[ 2015-08-05T13:44:03+08:00 ] ::1 /app/
INFO: [ app_init ] --START--
INFO: Run Behavior\BuildLiteBehavior [ RunTime:0.000008s ]
INFO: [ app_init ] --END-- [ RunTime:0.000182s ]
INFO: [ app_begin ] --START--
INFO: Run Behavior\ReadHtmlCacheBehavior [ RunTime:0.000229s ]
INFO: [ app_begin ] --END-- [ RunTime:0.000256s ]
NOTIC: [8] Use of undefined constant name - assumed 'name' /Users/duzexuan/www/app/Application/Home/Controller/IndexController.class.php 第 13 行.
NOTIC: [8] Use of undefined constant age - assumed 'age' /Users/duzexuan/www/app/Application/Home/Controller/IndexController.class.php 第 13 行.
NOTIC: [8] Use of undefined constant name - assumed 'name' /Users/duzexuan/www/app/Application/Home/Controller/IndexController.class.php 第 14 行.
NOTIC: [8] Use of undefined constant age - assumed 'age' /Users/duzexuan/www/app/Application/Home/Controller/IndexController.class.php 第 14 行.
NOTIC: [8] Use of undefined constant name - assumed 'name' /Users/duzexuan/www/app/Application/Home/Controller/IndexController.class.php 第 15 行.
NOTIC: [8] Use of undefined constant age - assumed 'age' /Users/duzexuan/www/app/Application/Home/Controller/IndexController.class.php 第 15 行.
INFO: [ view_parse ] --START--
INFO: [ template_filter ] --START--
INFO: Run Behavior\ContentReplaceBehavior [ RunTime:0.000018s ]
INFO: [ template_filter ] --END-- [ RunTime:0.000048s ]
NOTIC: [2] Illegal string offset 'name' /Users/duzexuan/www/app/Application/Runtime/Cache/Home/2a94b8bda04ff446dcedd42276fc99ee.php 第 8 行.
NOTIC: [2] Illegal string offset 'age' /Users/duzexuan/www/app/Application/Runtime/Cache/Home/2a94b8bda04ff446dcedd42276fc99ee.php 第 8 行.
NOTIC: [2] Illegal string offset 'name' /Users/duzexuan/www/app/Application/Runtime/Cache/Home/2a94b8bda04ff446dcedd42276fc99ee.php 第 8 行.
NOTIC: [2] Illegal string offset 'age' /Users/duzexuan/www/app/Application/Runtime/Cache/Home/2a94b8bda04ff446dcedd42276fc99ee.php 第 8 行.
NOTIC: [2] Illegal string offset 'name' /Users/duzexuan/www/app/Application/Runtime/Cache/Home/2a94b8bda04ff446dcedd42276fc99ee.php 第 8 行.
NOTIC: [2] Illegal string offset 'age' /Users/duzexuan/www/app/Application/Runtime/Cache/Home/2a94b8bda04ff446dcedd42276fc99ee.php 第 8 行.
INFO: Run Behavior\ParseTemplateBehavior [ RunTime:0.003137s ]
INFO: [ view_parse ] --END-- [ RunTime:0.003159s ]
INFO: [ view_filter ] --START--
INFO: Run Behavior\WriteHtmlCacheBehavior [ RunTime:0.000084s ]
INFO: [ view_filter ] --END-- [ RunTime:0.000102s ]

[ 2015-08-05T13:44:17+08:00 ] ::1 /app/
INFO: [ app_init ] --START--
INFO: Run Behavior\BuildLiteBehavior [ RunTime:0.000008s ]
INFO: [ app_init ] --END-- [ RunTime:0.000182s ]
INFO: [ app_begin ] --START--
INFO: Run Behavior\ReadHtmlCacheBehavior [ RunTime:0.000229s ]
INFO: [ app_begin ] --END-- [ RunTime:0.000256s ]
NOTIC: [8] Use of undefined constant name - assumed 'name' /Users/duzexuan/www/app/Application/Home/Controller/IndexController.class.php 第 13 行.
NOTIC: [8] Use of undefined constant age - assumed 'age' /Users/duzexuan/www/app/Application/Home/Controller/IndexController.class.php 第 13 行.
NOTIC: [8] Use of undefined constant name - assumed 'name' /Users/duzexuan/www/app/Application/Home/Controller/IndexController.class.php 第 14 行.
NOTIC: [8] Use of undefined constant age - assumed 'age' /Users/duzexuan/www/app/Application/Home/Controller/IndexController.class.php 第 14 行.
NOTIC: [8] Use of undefined constant name - assumed 'name' /Users/duzexuan/www/app/Application/Home/Controller/IndexController.class.php 第 15 行.
NOTIC: [8] Use of undefined constant age - assumed 'age' /Users/duzexuan/www/app/Application/Home/Controller/IndexController.class.php 第 15 行.
INFO: [ view_parse ] --START--
INFO: [ template_filter ] --START--
INFO: Run Behavior\ContentReplaceBehavior [ RunTime:0.000020s ]
INFO: [ template_filter ] --END-- [ RunTime:0.000064s ]
NOTIC: [2] Illegal string offset 'name' /Users/duzexuan/www/app/Application/Runtime/Cache/Home/2a94b8bda04ff446dcedd42276fc99ee.php 第 8 行.
NOTIC: [2] Illegal string offset 'age' /Users/duzexuan/www/app/Application/Runtime/Cache/Home/2a94b8bda04ff446dcedd42276fc99ee.php 第 8 行.
NOTIC: [2] Illegal string offset 'name' /Users/duzexuan/www/app/Application/Runtime/Cache/Home/2a94b8bda04ff446dcedd42276fc99ee.php 第 8 行.
NOTIC: [2] Illegal string offset 'age' /Users/duzexuan/www/app/Application/Runtime/Cache/Home/2a94b8bda04ff446dcedd42276fc99ee.php 第 8 行.
NOTIC: [2] Illegal string offset 'name' /Users/duzexuan/www/app/Application/Runtime/Cache/Home/2a94b8bda04ff446dcedd42276fc99ee.php 第 8 行.
NOTIC: [2] Illegal string offset 'age' /Users/duzexuan/www/app/Application/Runtime/Cache/Home/2a94b8bda04ff446dcedd42276fc99ee.php 第 8 行.
INFO: Run Behavior\ParseTemplateBehavior [ RunTime:0.004891s ]
INFO: [ view_parse ] --END-- [ RunTime:0.004932s ]
INFO: [ view_filter ] --START--
INFO: Run Behavior\WriteHtmlCacheBehavior [ RunTime:0.000089s ]
INFO: [ view_filter ] --END-- [ RunTime:0.000108s ]
SQL: SHOW COLUMNS FROM `user` [ RunTime:0.0024s ]
SQL: SELECT * FROM `user`  [ RunTime:0.0002s ]
INFO: [ app_end ] --START--
INFO: Run Behavior\ShowPageTraceBehavior [ RunTime:0.006377s ]
INFO: [ app_end ] --END-- [ RunTime:0.006430s ]

[ 2015-08-05T13:44:31+08:00 ] ::1 /app/
INFO: [ app_init ] --START--
INFO: Run Behavior\BuildLiteBehavior [ RunTime:0.000009s ]
INFO: [ app_init ] --END-- [ RunTime:0.000294s ]
INFO: [ app_begin ] --START--
INFO: Run Behavior\ReadHtmlCacheBehavior [ RunTime:0.000350s ]
INFO: [ app_begin ] --END-- [ RunTime:0.000396s ]
NOTIC: [8] Use of undefined constant name - assumed 'name' /Users/duzexuan/www/app/Application/Home/Controller/IndexController.class.php 第 13 行.
NOTIC: [8] Use of undefined constant age - assumed 'age' /Users/duzexuan/www/app/Application/Home/Controller/IndexController.class.php 第 13 行.
NOTIC: [8] Use of undefined constant name - assumed 'name' /Users/duzexuan/www/app/Application/Home/Controller/IndexController.class.php 第 14 行.
NOTIC: [8] Use of undefined constant age - assumed 'age' /Users/duzexuan/www/app/Application/Home/Controller/IndexController.class.php 第 14 行.
NOTIC: [8] Use of undefined constant name - assumed 'name' /Users/duzexuan/www/app/Application/Home/Controller/IndexController.class.php 第 15 行.
NOTIC: [8] Use of undefined constant age - assumed 'age' /Users/duzexuan/www/app/Application/Home/Controller/IndexController.class.php 第 15 行.
INFO: [ view_parse ] --START--
INFO: [ template_filter ] --START--
INFO: Run Behavior\ContentReplaceBehavior [ RunTime:0.000037s ]
INFO: [ template_filter ] --END-- [ RunTime:0.000095s ]
NOTIC: [2] Illegal string offset 'name' /Users/duzexuan/www/app/Application/Runtime/Cache/Home/2a94b8bda04ff446dcedd42276fc99ee.php 第 8 行.
NOTIC: [2] Illegal string offset 'age' /Users/duzexuan/www/app/Application/Runtime/Cache/Home/2a94b8bda04ff446dcedd42276fc99ee.php 第 8 行.
NOTIC: [2] Illegal string offset 'name' /Users/duzexuan/www/app/Application/Runtime/Cache/Home/2a94b8bda04ff446dcedd42276fc99ee.php 第 8 行.
NOTIC: [2] Illegal string offset 'age' /Users/duzexuan/www/app/Application/Runtime/Cache/Home/2a94b8bda04ff446dcedd42276fc99ee.php 第 8 行.
NOTIC: [2] Illegal string offset 'name' /Users/duzexuan/www/app/Application/Runtime/Cache/Home/2a94b8bda04ff446dcedd42276fc99ee.php 第 8 行.
NOTIC: [2] Illegal string offset 'age' /Users/duzexuan/www/app/Application/Runtime/Cache/Home/2a94b8bda04ff446dcedd42276fc99ee.php 第 8 行.
INFO: Run Behavior\ParseTemplateBehavior [ RunTime:0.005217s ]
INFO: [ view_parse ] --END-- [ RunTime:0.005267s ]
INFO: [ view_filter ] --START--
INFO: Run Behavior\WriteHtmlCacheBehavior [ RunTime:0.000109s ]
INFO: [ view_filter ] --END-- [ RunTime:0.000131s ]
SQL: SHOW COLUMNS FROM `user` [ RunTime:0.0022s ]
SQL: SELECT * FROM `user`  [ RunTime:0.0002s ]
INFO: [ app_end ] --START--
INFO: Run Behavior\ShowPageTraceBehavior [ RunTime:0.000490s ]
INFO: [ app_end ] --END-- [ RunTime:0.000553s ]

[ 2015-08-05T13:44:33+08:00 ] ::1 /app/
INFO: [ app_init ] --START--
INFO: Run Behavior\BuildLiteBehavior [ RunTime:0.000011s ]
INFO: [ app_init ] --END-- [ RunTime:0.000210s ]
INFO: [ app_begin ] --START--
INFO: Run Behavior\ReadHtmlCacheBehavior [ RunTime:0.000224s ]
INFO: [ app_begin ] --END-- [ RunTime:0.000251s ]
NOTIC: [8] Use of undefined constant name - assumed 'name' /Users/duzexuan/www/app/Application/Home/Controller/IndexController.class.php 第 13 行.
NOTIC: [8] Use of undefined constant age - assumed 'age' /Users/duzexuan/www/app/Application/Home/Controller/IndexController.class.php 第 13 行.
NOTIC: [8] Use of undefined constant name - assumed 'name' /Users/duzexuan/www/app/Application/Home/Controller/IndexController.class.php 第 14 行.
NOTIC: [8] Use of undefined constant age - assumed 'age' /Users/duzexuan/www/app/Application/Home/Controller/IndexController.class.php 第 14 行.
NOTIC: [8] Use of undefined constant name - assumed 'name' /Users/duzexuan/www/app/Application/Home/Controller/IndexController.class.php 第 15 行.
NOTIC: [8] Use of undefined constant age - assumed 'age' /Users/duzexuan/www/app/Application/Home/Controller/IndexController.class.php 第 15 行.
INFO: [ view_parse ] --START--
INFO: [ template_filter ] --START--
INFO: Run Behavior\ContentReplaceBehavior [ RunTime:0.000018s ]
INFO: [ template_filter ] --END-- [ RunTime:0.000050s ]
NOTIC: [2] Illegal string offset 'name' /Users/duzexuan/www/app/Application/Runtime/Cache/Home/2a94b8bda04ff446dcedd42276fc99ee.php 第 8 行.
NOTIC: [2] Illegal string offset 'age' /Users/duzexuan/www/app/Application/Runtime/Cache/Home/2a94b8bda04ff446dcedd42276fc99ee.php 第 8 行.
NOTIC: [2] Illegal string offset 'name' /Users/duzexuan/www/app/Application/Runtime/Cache/Home/2a94b8bda04ff446dcedd42276fc99ee.php 第 8 行.
NOTIC: [2] Illegal string offset 'age' /Users/duzexuan/www/app/Application/Runtime/Cache/Home/2a94b8bda04ff446dcedd42276fc99ee.php 第 8 行.
NOTIC: [2] Illegal string offset 'name' /Users/duzexuan/www/app/Application/Runtime/Cache/Home/2a94b8bda04ff446dcedd42276fc99ee.php 第 8 行.
NOTIC: [2] Illegal string offset 'age' /Users/duzexuan/www/app/Application/Runtime/Cache/Home/2a94b8bda04ff446dcedd42276fc99ee.php 第 8 行.
INFO: Run Behavior\ParseTemplateBehavior [ RunTime:0.003602s ]
INFO: [ view_parse ] --END-- [ RunTime:0.003623s ]
INFO: [ view_filter ] --START--
INFO: Run Behavior\WriteHtmlCacheBehavior [ RunTime:0.000088s ]
INFO: [ view_filter ] --END-- [ RunTime:0.000106s ]
SQL: SHOW COLUMNS FROM `user` [ RunTime:0.0018s ]
SQL: SELECT * FROM `user`  [ RunTime:0.0001s ]
INFO: [ app_end ] --START--
INFO: Run Behavior\ShowPageTraceBehavior [ RunTime:0.000307s ]
INFO: [ app_end ] --END-- [ RunTime:0.000333s ]

[ 2015-08-05T13:44:39+08:00 ] ::1 /app/
INFO: [ app_init ] --START--
INFO: Run Behavior\BuildLiteBehavior [ RunTime:0.000011s ]
INFO: [ app_init ] --END-- [ RunTime:0.000443s ]
INFO: [ app_begin ] --START--
INFO: Run Behavior\ReadHtmlCacheBehavior [ RunTime:0.000483s ]
INFO: [ app_begin ] --END-- [ RunTime:0.000540s ]
NOTIC: [8] Use of undefined constant name - assumed 'name' /Users/duzexuan/www/app/Application/Home/Controller/IndexController.class.php 第 13 行.
NOTIC: [8] Use of undefined constant age - assumed 'age' /Users/duzexuan/www/app/Application/Home/Controller/IndexController.class.php 第 13 行.
NOTIC: [8] Use of undefined constant name - assumed 'name' /Users/duzexuan/www/app/Application/Home/Controller/IndexController.class.php 第 14 行.
NOTIC: [8] Use of undefined constant age - assumed 'age' /Users/duzexuan/www/app/Application/Home/Controller/IndexController.class.php 第 14 行.
NOTIC: [8] Use of undefined constant name - assumed 'name' /Users/duzexuan/www/app/Application/Home/Controller/IndexController.class.php 第 15 行.
NOTIC: [8] Use of undefined constant age - assumed 'age' /Users/duzexuan/www/app/Application/Home/Controller/IndexController.class.php 第 15 行.
INFO: [ view_parse ] --START--
INFO: [ template_filter ] --START--
INFO: Run Behavior\ContentReplaceBehavior [ RunTime:0.000061s ]
INFO: [ template_filter ] --END-- [ RunTime:0.000134s ]
NOTIC: [2] Illegal string offset 'name' /Users/duzexuan/www/app/Application/Runtime/Cache/Home/2a94b8bda04ff446dcedd42276fc99ee.php 第 8 行.
NOTIC: [2] Illegal string offset 'age' /Users/duzexuan/www/app/Application/Runtime/Cache/Home/2a94b8bda04ff446dcedd42276fc99ee.php 第 8 行.
NOTIC: [2] Illegal string offset 'name' /Users/duzexuan/www/app/Application/Runtime/Cache/Home/2a94b8bda04ff446dcedd42276fc99ee.php 第 8 行.
NOTIC: [2] Illegal string offset 'age' /Users/duzexuan/www/app/Application/Runtime/Cache/Home/2a94b8bda04ff446dcedd42276fc99ee.php 第 8 行.
NOTIC: [2] Illegal string offset 'name' /Users/duzexuan/www/app/Application/Runtime/Cache/Home/2a94b8bda04ff446dcedd42276fc99ee.php 第 8 行.
NOTIC: [2] Illegal string offset 'age' /Users/duzexuan/www/app/Application/Runtime/Cache/Home/2a94b8bda04ff446dcedd42276fc99ee.php 第 8 行.
INFO: Run Behavior\ParseTemplateBehavior [ RunTime:0.004344s ]
INFO: [ view_parse ] --END-- [ RunTime:0.004386s ]
INFO: [ view_filter ] --START--
INFO: Run Behavior\WriteHtmlCacheBehavior [ RunTime:0.000095s ]
INFO: [ view_filter ] --END-- [ RunTime:0.000114s ]
SQL: SHOW COLUMNS FROM `user` [ RunTime:0.0024s ]
SQL: SELECT * FROM `user`  [ RunTime:0.0002s ]
INFO: [ app_end ] --START--
INFO: Run Behavior\ShowPageTraceBehavior [ RunTime:0.000385s ]
INFO: [ app_end ] --END-- [ RunTime:0.000418s ]

[ 2015-08-05T13:56:52+08:00 ] ::1 /app/
INFO: [ app_init ] --START--
INFO: Run Behavior\BuildLiteBehavior [ RunTime:0.000010s ]
INFO: [ app_init ] --END-- [ RunTime:0.000217s ]
INFO: [ app_begin ] --START--
INFO: Run Behavior\ReadHtmlCacheBehavior [ RunTime:0.000266s ]
INFO: [ app_begin ] --END-- [ RunTime:0.000295s ]

[ 2015-08-05T13:57:17+08:00 ] ::1 /app/
INFO: [ app_init ] --START--
INFO: Run Behavior\BuildLiteBehavior [ RunTime:0.000008s ]
INFO: [ app_init ] --END-- [ RunTime:0.000188s ]
INFO: [ app_begin ] --START--
INFO: Run Behavior\ReadHtmlCacheBehavior [ RunTime:0.000239s ]
INFO: [ app_begin ] --END-- [ RunTime:0.000267s ]
NOTIC: [8] Use of undefined constant name - assumed 'name' /Users/duzexuan/www/app/Application/Home/Controller/IndexController.class.php 第 13 行.
NOTIC: [8] Use of undefined constant age - assumed 'age' /Users/duzexuan/www/app/Application/Home/Controller/IndexController.class.php 第 13 行.
NOTIC: [8] Use of undefined constant name - assumed 'name' /Users/duzexuan/www/app/Application/Home/Controller/IndexController.class.php 第 14 行.
NOTIC: [8] Use of undefined constant age - assumed 'age' /Users/duzexuan/www/app/Application/Home/Controller/IndexController.class.php 第 14 行.
NOTIC: [8] Use of undefined constant name - assumed 'name' /Users/duzexuan/www/app/Application/Home/Controller/IndexController.class.php 第 15 行.
NOTIC: [8] Use of undefined constant age - assumed 'age' /Users/duzexuan/www/app/Application/Home/Controller/IndexController.class.php 第 15 行.
INFO: [ view_parse ] --START--
INFO: [ template_filter ] --START--
INFO: Run Behavior\ContentReplaceBehavior [ RunTime:0.000021s ]
INFO: [ template_filter ] --END-- [ RunTime:0.000076s ]
NOTIC: [2] Illegal string offset 'name' /Users/duzexuan/www/app/Application/Runtime/Cache/Home/2a94b8bda04ff446dcedd42276fc99ee.php 第 8 行.
NOTIC: [2] Illegal string offset 'age' /Users/duzexuan/www/app/Application/Runtime/Cache/Home/2a94b8bda04ff446dcedd42276fc99ee.php 第 8 行.
NOTIC: [2] Illegal string offset 'name' /Users/duzexuan/www/app/Application/Runtime/Cache/Home/2a94b8bda04ff446dcedd42276fc99ee.php 第 8 行.
NOTIC: [2] Illegal string offset 'age' /Users/duzexuan/www/app/Application/Runtime/Cache/Home/2a94b8bda04ff446dcedd42276fc99ee.php 第 8 行.
NOTIC: [2] Illegal string offset 'name' /Users/duzexuan/www/app/Application/Runtime/Cache/Home/2a94b8bda04ff446dcedd42276fc99ee.php 第 8 行.
NOTIC: [2] Illegal string offset 'age' /Users/duzexuan/www/app/Application/Runtime/Cache/Home/2a94b8bda04ff446dcedd42276fc99ee.php 第 8 行.
INFO: Run Behavior\ParseTemplateBehavior [ RunTime:0.010517s ]
INFO: [ view_parse ] --END-- [ RunTime:0.010564s ]
INFO: [ view_filter ] --START--
INFO: Run Behavior\WriteHtmlCacheBehavior [ RunTime:0.000812s ]
INFO: [ view_filter ] --END-- [ RunTime:0.000848s ]
SQL: SHOW COLUMNS FROM `user` [ RunTime:0.0023s ]
SQL: INSERT INTO `user` (`id`,`username`,`password`) VALUES ('2','xiaopen','9aa6e5f2256c17d2d430b100032b997c') [ RunTime:0.0048s ]
INFO: [ app_end ] --START--
INFO: Run Behavior\ShowPageTraceBehavior [ RunTime:0.000375s ]
INFO: [ app_end ] --END-- [ RunTime:0.000406s ]

[ 2015-08-05T13:59:25+08:00 ] ::1 /app/
INFO: [ app_init ] --START--
INFO: Run Behavior\BuildLiteBehavior [ RunTime:0.000008s ]
INFO: [ app_init ] --END-- [ RunTime:0.000179s ]
INFO: [ app_begin ] --START--
INFO: Run Behavior\ReadHtmlCacheBehavior [ RunTime:0.000225s ]
INFO: [ app_begin ] --END-- [ RunTime:0.000251s ]
NOTIC: [8] Use of undefined constant name - assumed 'name' /Users/duzexuan/www/app/Application/Home/Controller/IndexController.class.php 第 13 行.
NOTIC: [8] Use of undefined constant age - assumed 'age' /Users/duzexuan/www/app/Application/Home/Controller/IndexController.class.php 第 13 行.
NOTIC: [8] Use of undefined constant name - assumed 'name' /Users/duzexuan/www/app/Application/Home/Controller/IndexController.class.php 第 14 行.
NOTIC: [8] Use of undefined constant age - assumed 'age' /Users/duzexuan/www/app/Application/Home/Controller/IndexController.class.php 第 14 行.
NOTIC: [8] Use of undefined constant name - assumed 'name' /Users/duzexuan/www/app/Application/Home/Controller/IndexController.class.php 第 15 行.
NOTIC: [8] Use of undefined constant age - assumed 'age' /Users/duzexuan/www/app/Application/Home/Controller/IndexController.class.php 第 15 行.
INFO: [ view_parse ] --START--
INFO: [ template_filter ] --START--
INFO: Run Behavior\ContentReplaceBehavior [ RunTime:0.000031s ]
INFO: [ template_filter ] --END-- [ RunTime:0.000080s ]
NOTIC: [2] Illegal string offset 'name' /Users/duzexuan/www/app/Application/Runtime/Cache/Home/2a94b8bda04ff446dcedd42276fc99ee.php 第 8 行.
NOTIC: [2] Illegal string offset 'age' /Users/duzexuan/www/app/Application/Runtime/Cache/Home/2a94b8bda04ff446dcedd42276fc99ee.php 第 8 行.
NOTIC: [2] Illegal string offset 'name' /Users/duzexuan/www/app/Application/Runtime/Cache/Home/2a94b8bda04ff446dcedd42276fc99ee.php 第 8 行.
NOTIC: [2] Illegal string offset 'age' /Users/duzexuan/www/app/Application/Runtime/Cache/Home/2a94b8bda04ff446dcedd42276fc99ee.php 第 8 行.
NOTIC: [2] Illegal string offset 'name' /Users/duzexuan/www/app/Application/Runtime/Cache/Home/2a94b8bda04ff446dcedd42276fc99ee.php 第 8 行.
NOTIC: [2] Illegal string offset 'age' /Users/duzexuan/www/app/Application/Runtime/Cache/Home/2a94b8bda04ff446dcedd42276fc99ee.php 第 8 行.
INFO: Run Behavior\ParseTemplateBehavior [ RunTime:0.003537s ]
INFO: [ view_parse ] --END-- [ RunTime:0.003561s ]
INFO: [ view_filter ] --START--
INFO: Run Behavior\WriteHtmlCacheBehavior [ RunTime:0.000095s ]
INFO: [ view_filter ] --END-- [ RunTime:0.000114s ]
SQL: SHOW COLUMNS FROM `user` [ RunTime:0.0022s ]
ERR: SQLSTATE[23000]: Integrity constraint violation: 1062 Duplicate entry '2' for key 'PRIMARY'

[ 2015-08-05T14:17:35+08:00 ] ::1 /app/
INFO: [ app_init ] --START--
INFO: Run Behavior\BuildLiteBehavior [ RunTime:0.000013s ]
INFO: [ app_init ] --END-- [ RunTime:0.000480s ]
INFO: [ app_begin ] --START--
INFO: Run Behavior\ReadHtmlCacheBehavior [ RunTime:0.000582s ]
INFO: [ app_begin ] --END-- [ RunTime:0.000629s ]

[ 2015-08-05T14:17:50+08:00 ] ::1 /app/
INFO: [ app_init ] --START--
INFO: Run Behavior\BuildLiteBehavior [ RunTime:0.000008s ]
INFO: [ app_init ] --END-- [ RunTime:0.000180s ]
INFO: [ app_begin ] --START--
INFO: Run Behavior\ReadHtmlCacheBehavior [ RunTime:0.000226s ]
INFO: [ app_begin ] --END-- [ RunTime:0.000253s ]

[ 2015-08-05T14:18:09+08:00 ] ::1 /app/
INFO: [ app_init ] --START--
INFO: Run Behavior\BuildLiteBehavior [ RunTime:0.000010s ]
INFO: [ app_init ] --END-- [ RunTime:0.000184s ]
INFO: [ app_begin ] --START--
INFO: Run Behavior\ReadHtmlCacheBehavior [ RunTime:0.000228s ]
INFO: [ app_begin ] --END-- [ RunTime:0.000255s ]
NOTIC: [8] Use of undefined constant name - assumed 'name' /Users/duzexuan/www/app/Application/Home/Controller/IndexController.class.php 第 13 行.
NOTIC: [8] Use of undefined constant age - assumed 'age' /Users/duzexuan/www/app/Application/Home/Controller/IndexController.class.php 第 13 行.
NOTIC: [8] Use of undefined constant name - assumed 'name' /Users/duzexuan/www/app/Application/Home/Controller/IndexController.class.php 第 14 行.
NOTIC: [8] Use of undefined constant age - assumed 'age' /Users/duzexuan/www/app/Application/Home/Controller/IndexController.class.php 第 14 行.
NOTIC: [8] Use of undefined constant name - assumed 'name' /Users/duzexuan/www/app/Application/Home/Controller/IndexController.class.php 第 15 行.
NOTIC: [8] Use of undefined constant age - assumed 'age' /Users/duzexuan/www/app/Application/Home/Controller/IndexController.class.php 第 15 行.
INFO: [ view_parse ] --START--
INFO: [ template_filter ] --START--
INFO: Run Behavior\ContentReplaceBehavior [ RunTime:0.000021s ]
INFO: [ template_filter ] --END-- [ RunTime:0.000056s ]
NOTIC: [2] Illegal string offset 'name' /Users/duzexuan/www/app/Application/Runtime/Cache/Home/2a94b8bda04ff446dcedd42276fc99ee.php 第 8 行.
NOTIC: [2] Illegal string offset 'age' /Users/duzexuan/www/app/Application/Runtime/Cache/Home/2a94b8bda04ff446dcedd42276fc99ee.php 第 8 行.
NOTIC: [2] Illegal string offset 'name' /Users/duzexuan/www/app/Application/Runtime/Cache/Home/2a94b8bda04ff446dcedd42276fc99ee.php 第 8 行.
NOTIC: [2] Illegal string offset 'age' /Users/duzexuan/www/app/Application/Runtime/Cache/Home/2a94b8bda04ff446dcedd42276fc99ee.php 第 8 行.
NOTIC: [2] Illegal string offset 'name' /Users/duzexuan/www/app/Application/Runtime/Cache/Home/2a94b8bda04ff446dcedd42276fc99ee.php 第 8 行.
NOTIC: [2] Illegal string offset 'age' /Users/duzexuan/www/app/Application/Runtime/Cache/Home/2a94b8bda04ff446dcedd42276fc99ee.php 第 8 行.
INFO: Run Behavior\ParseTemplateBehavior [ RunTime:0.010199s ]
INFO: [ view_parse ] --END-- [ RunTime:0.010224s ]
INFO: [ view_filter ] --START--
INFO: Run Behavior\WriteHtmlCacheBehavior [ RunTime:0.000213s ]
INFO: [ view_filter ] --END-- [ RunTime:0.000268s ]
SQL: SHOW COLUMNS FROM `user` [ RunTime:0.0021s ]
INFO: [ app_end ] --START--
INFO: Run Behavior\ShowPageTraceBehavior [ RunTime:0.005491s ]
INFO: [ app_end ] --END-- [ RunTime:0.005597s ]

[ 2015-08-05T14:18:18+08:00 ] ::1 /app/
INFO: [ app_init ] --START--
INFO: Run Behavior\BuildLiteBehavior [ RunTime:0.000008s ]
INFO: [ app_init ] --END-- [ RunTime:0.000178s ]
INFO: [ app_begin ] --START--
INFO: Run Behavior\ReadHtmlCacheBehavior [ RunTime:0.000222s ]
INFO: [ app_begin ] --END-- [ RunTime:0.000250s ]
NOTIC: [8] Use of undefined constant name - assumed 'name' /Users/duzexuan/www/app/Application/Home/Controller/IndexController.class.php 第 13 行.
NOTIC: [8] Use of undefined constant age - assumed 'age' /Users/duzexuan/www/app/Application/Home/Controller/IndexController.class.php 第 13 行.
NOTIC: [8] Use of undefined constant name - assumed 'name' /Users/duzexuan/www/app/Application/Home/Controller/IndexController.class.php 第 14 行.
NOTIC: [8] Use of undefined constant age - assumed 'age' /Users/duzexuan/www/app/Application/Home/Controller/IndexController.class.php 第 14 行.
NOTIC: [8] Use of undefined constant name - assumed 'name' /Users/duzexuan/www/app/Application/Home/Controller/IndexController.class.php 第 15 行.
NOTIC: [8] Use of undefined constant age - assumed 'age' /Users/duzexuan/www/app/Application/Home/Controller/IndexController.class.php 第 15 行.
INFO: [ view_parse ] --START--
INFO: [ template_filter ] --START--
INFO: Run Behavior\ContentReplaceBehavior [ RunTime:0.000018s ]
INFO: [ template_filter ] --END-- [ RunTime:0.000049s ]
NOTIC: [2] Illegal string offset 'name' /Users/duzexuan/www/app/Application/Runtime/Cache/Home/2a94b8bda04ff446dcedd42276fc99ee.php 第 8 行.
NOTIC: [2] Illegal string offset 'age' /Users/duzexuan/www/app/Application/Runtime/Cache/Home/2a94b8bda04ff446dcedd42276fc99ee.php 第 8 行.
NOTIC: [2] Illegal string offset 'name' /Users/duzexuan/www/app/Application/Runtime/Cache/Home/2a94b8bda04ff446dcedd42276fc99ee.php 第 8 行.
NOTIC: [2] Illegal string offset 'age' /Users/duzexuan/www/app/Application/Runtime/Cache/Home/2a94b8bda04ff446dcedd42276fc99ee.php 第 8 行.
NOTIC: [2] Illegal string offset 'name' /Users/duzexuan/www/app/Application/Runtime/Cache/Home/2a94b8bda04ff446dcedd42276fc99ee.php 第 8 行.
NOTIC: [2] Illegal string offset 'age' /Users/duzexuan/www/app/Application/Runtime/Cache/Home/2a94b8bda04ff446dcedd42276fc99ee.php 第 8 行.
INFO: Run Behavior\ParseTemplateBehavior [ RunTime:0.003111s ]
INFO: [ view_parse ] --END-- [ RunTime:0.003133s ]
INFO: [ view_filter ] --START--
INFO: Run Behavior\WriteHtmlCacheBehavior [ RunTime:0.000087s ]
INFO: [ view_filter ] --END-- [ RunTime:0.000105s ]
SQL: SHOW COLUMNS FROM `user` [ RunTime:0.0052s ]
INFO: [ app_end ] --START--
INFO: Run Behavior\ShowPageTraceBehavior [ RunTime:0.000324s ]
INFO: [ app_end ] --END-- [ RunTime:0.000353s ]

[ 2015-08-05T14:18:21+08:00 ] ::1 /app/
INFO: [ app_init ] --START--
INFO: Run Behavior\BuildLiteBehavior [ RunTime:0.000012s ]
INFO: [ app_init ] --END-- [ RunTime:0.000303s ]
INFO: [ app_begin ] --START--
INFO: Run Behavior\ReadHtmlCacheBehavior [ RunTime:0.000243s ]
INFO: [ app_begin ] --END-- [ RunTime:0.000270s ]
NOTIC: [8] Use of undefined constant name - assumed 'name' /Users/duzexuan/www/app/Application/Home/Controller/IndexController.class.php 第 13 行.
NOTIC: [8] Use of undefined constant age - assumed 'age' /Users/duzexuan/www/app/Application/Home/Controller/IndexController.class.php 第 13 行.
NOTIC: [8] Use of undefined constant name - assumed 'name' /Users/duzexuan/www/app/Application/Home/Controller/IndexController.class.php 第 14 行.
NOTIC: [8] Use of undefined constant age - assumed 'age' /Users/duzexuan/www/app/Application/Home/Controller/IndexController.class.php 第 14 行.
NOTIC: [8] Use of undefined constant name - assumed 'name' /Users/duzexuan/www/app/Application/Home/Controller/IndexController.class.php 第 15 行.
NOTIC: [8] Use of undefined constant age - assumed 'age' /Users/duzexuan/www/app/Application/Home/Controller/IndexController.class.php 第 15 行.
INFO: [ view_parse ] --START--
INFO: [ template_filter ] --START--
INFO: Run Behavior\ContentReplaceBehavior [ RunTime:0.000022s ]
INFO: [ template_filter ] --END-- [ RunTime:0.000059s ]
NOTIC: [2] Illegal string offset 'name' /Users/duzexuan/www/app/Application/Runtime/Cache/Home/2a94b8bda04ff446dcedd42276fc99ee.php 第 8 行.
NOTIC: [2] Illegal string offset 'age' /Users/duzexuan/www/app/Application/Runtime/Cache/Home/2a94b8bda04ff446dcedd42276fc99ee.php 第 8 行.
NOTIC: [2] Illegal string offset 'name' /Users/duzexuan/www/app/Application/Runtime/Cache/Home/2a94b8bda04ff446dcedd42276fc99ee.php 第 8 行.
NOTIC: [2] Illegal string offset 'age' /Users/duzexuan/www/app/Application/Runtime/Cache/Home/2a94b8bda04ff446dcedd42276fc99ee.php 第 8 行.
NOTIC: [2] Illegal string offset 'name' /Users/duzexuan/www/app/Application/Runtime/Cache/Home/2a94b8bda04ff446dcedd42276fc99ee.php 第 8 行.
NOTIC: [2] Illegal string offset 'age' /Users/duzexuan/www/app/Application/Runtime/Cache/Home/2a94b8bda04ff446dcedd42276fc99ee.php 第 8 行.
INFO: Run Behavior\ParseTemplateBehavior [ RunTime:0.003372s ]
INFO: [ view_parse ] --END-- [ RunTime:0.003395s ]
INFO: [ view_filter ] --START--
INFO: Run Behavior\WriteHtmlCacheBehavior [ RunTime:0.000094s ]
INFO: [ view_filter ] --END-- [ RunTime:0.000113s ]
SQL: SHOW COLUMNS FROM `user` [ RunTime:0.0017s ]
INFO: [ app_end ] --START--
INFO: Run Behavior\ShowPageTraceBehavior [ RunTime:0.000308s ]
INFO: [ app_end ] --END-- [ RunTime:0.000337s ]

[ 2015-08-05T14:20:22+08:00 ] ::1 /app/
INFO: [ app_init ] --START--
INFO: Run Behavior\BuildLiteBehavior [ RunTime:0.000009s ]
INFO: [ app_init ] --END-- [ RunTime:0.000180s ]
INFO: [ app_begin ] --START--
INFO: Run Behavior\ReadHtmlCacheBehavior [ RunTime:0.000238s ]
INFO: [ app_begin ] --END-- [ RunTime:0.000265s ]
NOTIC: [8] Use of undefined constant name - assumed 'name' /Users/duzexuan/www/app/Application/Home/Controller/IndexController.class.php 第 13 行.
NOTIC: [8] Use of undefined constant age - assumed 'age' /Users/duzexuan/www/app/Application/Home/Controller/IndexController.class.php 第 13 行.
NOTIC: [8] Use of undefined constant name - assumed 'name' /Users/duzexuan/www/app/Application/Home/Controller/IndexController.class.php 第 14 行.
NOTIC: [8] Use of undefined constant age - assumed 'age' /Users/duzexuan/www/app/Application/Home/Controller/IndexController.class.php 第 14 行.
NOTIC: [8] Use of undefined constant name - assumed 'name' /Users/duzexuan/www/app/Application/Home/Controller/IndexController.class.php 第 15 行.
NOTIC: [8] Use of undefined constant age - assumed 'age' /Users/duzexuan/www/app/Application/Home/Controller/IndexController.class.php 第 15 行.
INFO: [ view_parse ] --START--
INFO: [ template_filter ] --START--
INFO: Run Behavior\ContentReplaceBehavior [ RunTime:0.000019s ]
INFO: [ template_filter ] --END-- [ RunTime:0.000051s ]
NOTIC: [2] Illegal string offset 'name' /Users/duzexuan/www/app/Application/Runtime/Cache/Home/2a94b8bda04ff446dcedd42276fc99ee.php 第 8 行.
NOTIC: [2] Illegal string offset 'age' /Users/duzexuan/www/app/Application/Runtime/Cache/Home/2a94b8bda04ff446dcedd42276fc99ee.php 第 8 行.
NOTIC: [2] Illegal string offset 'name' /Users/duzexuan/www/app/Application/Runtime/Cache/Home/2a94b8bda04ff446dcedd42276fc99ee.php 第 8 行.
NOTIC: [2] Illegal string offset 'age' /Users/duzexuan/www/app/Application/Runtime/Cache/Home/2a94b8bda04ff446dcedd42276fc99ee.php 第 8 行.
NOTIC: [2] Illegal string offset 'name' /Users/duzexuan/www/app/Application/Runtime/Cache/Home/2a94b8bda04ff446dcedd42276fc99ee.php 第 8 行.
NOTIC: [2] Illegal string offset 'age' /Users/duzexuan/www/app/Application/Runtime/Cache/Home/2a94b8bda04ff446dcedd42276fc99ee.php 第 8 行.
INFO: Run Behavior\ParseTemplateBehavior [ RunTime:0.003975s ]
INFO: [ view_parse ] --END-- [ RunTime:0.003999s ]
INFO: [ view_filter ] --START--
INFO: Run Behavior\WriteHtmlCacheBehavior [ RunTime:0.000096s ]
INFO: [ view_filter ] --END-- [ RunTime:0.000117s ]
SQL: SHOW COLUMNS FROM `user` [ RunTime:0.0024s ]
INFO: [ app_end ] --START--
INFO: Run Behavior\ShowPageTraceBehavior [ RunTime:0.000368s ]
INFO: [ app_end ] --END-- [ RunTime:0.000405s ]

[ 2015-08-05T14:22:32+08:00 ] ::1 /app/
INFO: [ app_init ] --START--
INFO: Run Behavior\BuildLiteBehavior [ RunTime:0.000009s ]
INFO: [ app_init ] --END-- [ RunTime:0.000179s ]
INFO: [ app_begin ] --START--
INFO: Run Behavior\ReadHtmlCacheBehavior [ RunTime:0.000213s ]
INFO: [ app_begin ] --END-- [ RunTime:0.000239s ]
NOTIC: [8] Use of undefined constant name - assumed 'name' /Users/duzexuan/www/app/Application/Home/Controller/IndexController.class.php 第 13 行.
NOTIC: [8] Use of undefined constant age - assumed 'age' /Users/duzexuan/www/app/Application/Home/Controller/IndexController.class.php 第 13 行.
NOTIC: [8] Use of undefined constant name - assumed 'name' /Users/duzexuan/www/app/Application/Home/Controller/IndexController.class.php 第 14 行.
NOTIC: [8] Use of undefined constant age - assumed 'age' /Users/duzexuan/www/app/Application/Home/Controller/IndexController.class.php 第 14 行.
NOTIC: [8] Use of undefined constant name - assumed 'name' /Users/duzexuan/www/app/Application/Home/Controller/IndexController.class.php 第 15 行.
NOTIC: [8] Use of undefined constant age - assumed 'age' /Users/duzexuan/www/app/Application/Home/Controller/IndexController.class.php 第 15 行.
INFO: [ view_parse ] --START--
INFO: [ template_filter ] --START--
INFO: Run Behavior\ContentReplaceBehavior [ RunTime:0.000018s ]
INFO: [ template_filter ] --END-- [ RunTime:0.000057s ]
NOTIC: [2] Illegal string offset 'name' /Users/duzexuan/www/app/Application/Runtime/Cache/Home/2a94b8bda04ff446dcedd42276fc99ee.php 第 8 行.
NOTIC: [2] Illegal string offset 'age' /Users/duzexuan/www/app/Application/Runtime/Cache/Home/2a94b8bda04ff446dcedd42276fc99ee.php 第 8 行.
NOTIC: [2] Illegal string offset 'name' /Users/duzexuan/www/app/Application/Runtime/Cache/Home/2a94b8bda04ff446dcedd42276fc99ee.php 第 8 行.
NOTIC: [2] Illegal string offset 'age' /Users/duzexuan/www/app/Application/Runtime/Cache/Home/2a94b8bda04ff446dcedd42276fc99ee.php 第 8 行.
NOTIC: [2] Illegal string offset 'name' /Users/duzexuan/www/app/Application/Runtime/Cache/Home/2a94b8bda04ff446dcedd42276fc99ee.php 第 8 行.
NOTIC: [2] Illegal string offset 'age' /Users/duzexuan/www/app/Application/Runtime/Cache/Home/2a94b8bda04ff446dcedd42276fc99ee.php 第 8 行.
INFO: Run Behavior\ParseTemplateBehavior [ RunTime:0.003967s ]
INFO: [ view_parse ] --END-- [ RunTime:0.004005s ]
INFO: [ view_filter ] --START--
INFO: Run Behavior\WriteHtmlCacheBehavior [ RunTime:0.000086s ]
INFO: [ view_filter ] --END-- [ RunTime:0.000105s ]
SQL: SHOW COLUMNS FROM `user` [ RunTime:0.0018s ]
INFO: [ app_end ] --START--
INFO: Run Behavior\ShowPageTraceBehavior [ RunTime:0.000413s ]
INFO: [ app_end ] --END-- [ RunTime:0.000465s ]

[ 2015-08-05T14:22:59+08:00 ] ::1 /app/
INFO: [ app_init ] --START--
INFO: Run Behavior\BuildLiteBehavior [ RunTime:0.000009s ]
INFO: [ app_init ] --END-- [ RunTime:0.000184s ]
INFO: [ app_begin ] --START--
INFO: Run Behavior\ReadHtmlCacheBehavior [ RunTime:0.000228s ]
INFO: [ app_begin ] --END-- [ RunTime:0.000256s ]
NOTIC: [8] Use of undefined constant name - assumed 'name' /Users/duzexuan/www/app/Application/Home/Controller/IndexController.class.php 第 13 行.
NOTIC: [8] Use of undefined constant age - assumed 'age' /Users/duzexuan/www/app/Application/Home/Controller/IndexController.class.php 第 13 行.
NOTIC: [8] Use of undefined constant name - assumed 'name' /Users/duzexuan/www/app/Application/Home/Controller/IndexController.class.php 第 14 行.
NOTIC: [8] Use of undefined constant age - assumed 'age' /Users/duzexuan/www/app/Application/Home/Controller/IndexController.class.php 第 14 行.
NOTIC: [8] Use of undefined constant name - assumed 'name' /Users/duzexuan/www/app/Application/Home/Controller/IndexController.class.php 第 15 行.
NOTIC: [8] Use of undefined constant age - assumed 'age' /Users/duzexuan/www/app/Application/Home/Controller/IndexController.class.php 第 15 行.
INFO: [ view_parse ] --START--
INFO: [ template_filter ] --START--
INFO: Run Behavior\ContentReplaceBehavior [ RunTime:0.000020s ]
INFO: [ template_filter ] --END-- [ RunTime:0.000056s ]
NOTIC: [2] Illegal string offset 'name' /Users/duzexuan/www/app/Application/Runtime/Cache/Home/2a94b8bda04ff446dcedd42276fc99ee.php 第 8 行.
NOTIC: [2] Illegal string offset 'age' /Users/duzexuan/www/app/Application/Runtime/Cache/Home/2a94b8bda04ff446dcedd42276fc99ee.php 第 8 行.
NOTIC: [2] Illegal string offset 'name' /Users/duzexuan/www/app/Application/Runtime/Cache/Home/2a94b8bda04ff446dcedd42276fc99ee.php 第 8 行.
NOTIC: [2] Illegal string offset 'age' /Users/duzexuan/www/app/Application/Runtime/Cache/Home/2a94b8bda04ff446dcedd42276fc99ee.php 第 8 行.
NOTIC: [2] Illegal string offset 'name' /Users/duzexuan/www/app/Application/Runtime/Cache/Home/2a94b8bda04ff446dcedd42276fc99ee.php 第 8 行.
NOTIC: [2] Illegal string offset 'age' /Users/duzexuan/www/app/Application/Runtime/Cache/Home/2a94b8bda04ff446dcedd42276fc99ee.php 第 8 行.
INFO: Run Behavior\ParseTemplateBehavior [ RunTime:0.003648s ]
INFO: [ view_parse ] --END-- [ RunTime:0.003671s ]
INFO: [ view_filter ] --START--
INFO: Run Behavior\WriteHtmlCacheBehavior [ RunTime:0.000093s ]
INFO: [ view_filter ] --END-- [ RunTime:0.000112s ]
SQL: SHOW COLUMNS FROM `user` [ RunTime:0.0018s ]
INFO: [ app_end ] --START--
INFO: Run Behavior\ShowPageTraceBehavior [ RunTime:0.000309s ]
INFO: [ app_end ] --END-- [ RunTime:0.000338s ]

[ 2015-08-05T14:23:01+08:00 ] ::1 /app/
INFO: [ app_init ] --START--
INFO: Run Behavior\BuildLiteBehavior [ RunTime:0.000009s ]
INFO: [ app_init ] --END-- [ RunTime:0.000181s ]
INFO: [ app_begin ] --START--
INFO: Run Behavior\ReadHtmlCacheBehavior [ RunTime:0.000228s ]
INFO: [ app_begin ] --END-- [ RunTime:0.000256s ]
NOTIC: [8] Use of undefined constant name - assumed 'name' /Users/duzexuan/www/app/Application/Home/Controller/IndexController.class.php 第 13 行.
NOTIC: [8] Use of undefined constant age - assumed 'age' /Users/duzexuan/www/app/Application/Home/Controller/IndexController.class.php 第 13 行.
NOTIC: [8] Use of undefined constant name - assumed 'name' /Users/duzexuan/www/app/Application/Home/Controller/IndexController.class.php 第 14 行.
NOTIC: [8] Use of undefined constant age - assumed 'age' /Users/duzexuan/www/app/Application/Home/Controller/IndexController.class.php 第 14 行.
NOTIC: [8] Use of undefined constant name - assumed 'name' /Users/duzexuan/www/app/Application/Home/Controller/IndexController.class.php 第 15 行.
NOTIC: [8] Use of undefined constant age - assumed 'age' /Users/duzexuan/www/app/Application/Home/Controller/IndexController.class.php 第 15 行.
INFO: [ view_parse ] --START--
INFO: [ template_filter ] --START--
INFO: Run Behavior\ContentReplaceBehavior [ RunTime:0.000017s ]
INFO: [ template_filter ] --END-- [ RunTime:0.000045s ]
NOTIC: [2] Illegal string offset 'name' /Users/duzexuan/www/app/Application/Runtime/Cache/Home/2a94b8bda04ff446dcedd42276fc99ee.php 第 8 行.
NOTIC: [2] Illegal string offset 'age' /Users/duzexuan/www/app/Application/Runtime/Cache/Home/2a94b8bda04ff446dcedd42276fc99ee.php 第 8 行.
NOTIC: [2] Illegal string offset 'name' /Users/duzexuan/www/app/Application/Runtime/Cache/Home/2a94b8bda04ff446dcedd42276fc99ee.php 第 8 行.
NOTIC: [2] Illegal string offset 'age' /Users/duzexuan/www/app/Application/Runtime/Cache/Home/2a94b8bda04ff446dcedd42276fc99ee.php 第 8 行.
NOTIC: [2] Illegal string offset 'name' /Users/duzexuan/www/app/Application/Runtime/Cache/Home/2a94b8bda04ff446dcedd42276fc99ee.php 第 8 行.
NOTIC: [2] Illegal string offset 'age' /Users/duzexuan/www/app/Application/Runtime/Cache/Home/2a94b8bda04ff446dcedd42276fc99ee.php 第 8 行.
INFO: Run Behavior\ParseTemplateBehavior [ RunTime:0.003504s ]
INFO: [ view_parse ] --END-- [ RunTime:0.003527s ]
INFO: [ view_filter ] --START--
INFO: Run Behavior\WriteHtmlCacheBehavior [ RunTime:0.000090s ]
INFO: [ view_filter ] --END-- [ RunTime:0.000108s ]
SQL: SHOW COLUMNS FROM `user` [ RunTime:0.0022s ]
INFO: [ app_end ] --START--
INFO: Run Behavior\ShowPageTraceBehavior [ RunTime:0.000321s ]
INFO: [ app_end ] --END-- [ RunTime:0.000351s ]

[ 2015-08-05T14:23:22+08:00 ] ::1 /app/
INFO: [ app_init ] --START--
INFO: Run Behavior\BuildLiteBehavior [ RunTime:0.000008s ]
INFO: [ app_init ] --END-- [ RunTime:0.000178s ]
INFO: [ app_begin ] --START--
INFO: Run Behavior\ReadHtmlCacheBehavior [ RunTime:0.000224s ]
INFO: [ app_begin ] --END-- [ RunTime:0.000250s ]
NOTIC: [8] Use of undefined constant name - assumed 'name' /Users/duzexuan/www/app/Application/Home/Controller/IndexController.class.php 第 13 行.
NOTIC: [8] Use of undefined constant age - assumed 'age' /Users/duzexuan/www/app/Application/Home/Controller/IndexController.class.php 第 13 行.
NOTIC: [8] Use of undefined constant name - assumed 'name' /Users/duzexuan/www/app/Application/Home/Controller/IndexController.class.php 第 14 行.
NOTIC: [8] Use of undefined constant age - assumed 'age' /Users/duzexuan/www/app/Application/Home/Controller/IndexController.class.php 第 14 行.
NOTIC: [8] Use of undefined constant name - assumed 'name' /Users/duzexuan/www/app/Application/Home/Controller/IndexController.class.php 第 15 行.
NOTIC: [8] Use of undefined constant age - assumed 'age' /Users/duzexuan/www/app/Application/Home/Controller/IndexController.class.php 第 15 行.
INFO: [ view_parse ] --START--
INFO: [ template_filter ] --START--
INFO: Run Behavior\ContentReplaceBehavior [ RunTime:0.000023s ]
INFO: [ template_filter ] --END-- [ RunTime:0.000070s ]
NOTIC: [2] Illegal string offset 'name' /Users/duzexuan/www/app/Application/Runtime/Cache/Home/2a94b8bda04ff446dcedd42276fc99ee.php 第 8 行.
NOTIC: [2] Illegal string offset 'age' /Users/duzexuan/www/app/Application/Runtime/Cache/Home/2a94b8bda04ff446dcedd42276fc99ee.php 第 8 行.
NOTIC: [2] Illegal string offset 'name' /Users/duzexuan/www/app/Application/Runtime/Cache/Home/2a94b8bda04ff446dcedd42276fc99ee.php 第 8 行.
NOTIC: [2] Illegal string offset 'age' /Users/duzexuan/www/app/Application/Runtime/Cache/Home/2a94b8bda04ff446dcedd42276fc99ee.php 第 8 行.
NOTIC: [2] Illegal string offset 'name' /Users/duzexuan/www/app/Application/Runtime/Cache/Home/2a94b8bda04ff446dcedd42276fc99ee.php 第 8 行.
NOTIC: [2] Illegal string offset 'age' /Users/duzexuan/www/app/Application/Runtime/Cache/Home/2a94b8bda04ff446dcedd42276fc99ee.php 第 8 行.
INFO: Run Behavior\ParseTemplateBehavior [ RunTime:0.003129s ]
INFO: [ view_parse ] --END-- [ RunTime:0.003153s ]
INFO: [ view_filter ] --START--
INFO: Run Behavior\WriteHtmlCacheBehavior [ RunTime:0.000103s ]
INFO: [ view_filter ] --END-- [ RunTime:0.000128s ]
SQL: SHOW COLUMNS FROM `user` [ RunTime:0.0020s ]
SQL: SELECT * FROM `user`  [ RunTime:0.0001s ]
INFO: [ app_end ] --START--
INFO: Run Behavior\ShowPageTraceBehavior [ RunTime:0.000347s ]
INFO: [ app_end ] --END-- [ RunTime:0.000377s ]

[ 2015-08-05T14:23:32+08:00 ] ::1 /app/
INFO: [ app_init ] --START--
INFO: Run Behavior\BuildLiteBehavior [ RunTime:0.000008s ]
INFO: [ app_init ] --END-- [ RunTime:0.000177s ]
INFO: [ app_begin ] --START--
INFO: Run Behavior\ReadHtmlCacheBehavior [ RunTime:0.000225s ]
INFO: [ app_begin ] --END-- [ RunTime:0.000252s ]
NOTIC: [8] Use of undefined constant name - assumed 'name' /Users/duzexuan/www/app/Application/Home/Controller/IndexController.class.php 第 13 行.
NOTIC: [8] Use of undefined constant age - assumed 'age' /Users/duzexuan/www/app/Application/Home/Controller/IndexController.class.php 第 13 行.
NOTIC: [8] Use of undefined constant name - assumed 'name' /Users/duzexuan/www/app/Application/Home/Controller/IndexController.class.php 第 14 行.
NOTIC: [8] Use of undefined constant age - assumed 'age' /Users/duzexuan/www/app/Application/Home/Controller/IndexController.class.php 第 14 行.
NOTIC: [8] Use of undefined constant name - assumed 'name' /Users/duzexuan/www/app/Application/Home/Controller/IndexController.class.php 第 15 行.
NOTIC: [8] Use of undefined constant age - assumed 'age' /Users/duzexuan/www/app/Application/Home/Controller/IndexController.class.php 第 15 行.
INFO: [ view_parse ] --START--
INFO: [ template_filter ] --START--
INFO: Run Behavior\ContentReplaceBehavior [ RunTime:0.000019s ]
INFO: [ template_filter ] --END-- [ RunTime:0.000046s ]
NOTIC: [2] Illegal string offset 'name' /Users/duzexuan/www/app/Application/Runtime/Cache/Home/2a94b8bda04ff446dcedd42276fc99ee.php 第 8 行.
NOTIC: [2] Illegal string offset 'age' /Users/duzexuan/www/app/Application/Runtime/Cache/Home/2a94b8bda04ff446dcedd42276fc99ee.php 第 8 行.
NOTIC: [2] Illegal string offset 'name' /Users/duzexuan/www/app/Application/Runtime/Cache/Home/2a94b8bda04ff446dcedd42276fc99ee.php 第 8 行.
NOTIC: [2] Illegal string offset 'age' /Users/duzexuan/www/app/Application/Runtime/Cache/Home/2a94b8bda04ff446dcedd42276fc99ee.php 第 8 行.
NOTIC: [2] Illegal string offset 'name' /Users/duzexuan/www/app/Application/Runtime/Cache/Home/2a94b8bda04ff446dcedd42276fc99ee.php 第 8 行.
NOTIC: [2] Illegal string offset 'age' /Users/duzexuan/www/app/Application/Runtime/Cache/Home/2a94b8bda04ff446dcedd42276fc99ee.php 第 8 行.
INFO: Run Behavior\ParseTemplateBehavior [ RunTime:0.003146s ]
INFO: [ view_parse ] --END-- [ RunTime:0.003175s ]
INFO: [ view_filter ] --START--
INFO: Run Behavior\WriteHtmlCacheBehavior [ RunTime:0.000131s ]
INFO: [ view_filter ] --END-- [ RunTime:0.000163s ]
SQL: SHOW COLUMNS FROM `user` [ RunTime:0.0019s ]
SQL: SELECT * FROM `user` WHERE `id` = 0  [ RunTime:0.0003s ]
INFO: [ app_end ] --START--
INFO: Run Behavior\ShowPageTraceBehavior [ RunTime:0.000404s ]
INFO: [ app_end ] --END-- [ RunTime:0.000440s ]

[ 2015-08-05T14:23:47+08:00 ] ::1 /app/
INFO: [ app_init ] --START--
INFO: Run Behavior\BuildLiteBehavior [ RunTime:0.000008s ]
INFO: [ app_init ] --END-- [ RunTime:0.000179s ]
INFO: [ app_begin ] --START--
INFO: Run Behavior\ReadHtmlCacheBehavior [ RunTime:0.000225s ]
INFO: [ app_begin ] --END-- [ RunTime:0.000252s ]
NOTIC: [8] Use of undefined constant name - assumed 'name' /Users/duzexuan/www/app/Application/Home/Controller/IndexController.class.php 第 13 行.
NOTIC: [8] Use of undefined constant age - assumed 'age' /Users/duzexuan/www/app/Application/Home/Controller/IndexController.class.php 第 13 行.
NOTIC: [8] Use of undefined constant name - assumed 'name' /Users/duzexuan/www/app/Application/Home/Controller/IndexController.class.php 第 14 行.
NOTIC: [8] Use of undefined constant age - assumed 'age' /Users/duzexuan/www/app/Application/Home/Controller/IndexController.class.php 第 14 行.
NOTIC: [8] Use of undefined constant name - assumed 'name' /Users/duzexuan/www/app/Application/Home/Controller/IndexController.class.php 第 15 行.
NOTIC: [8] Use of undefined constant age - assumed 'age' /Users/duzexuan/www/app/Application/Home/Controller/IndexController.class.php 第 15 行.
INFO: [ view_parse ] --START--
INFO: [ template_filter ] --START--
INFO: Run Behavior\ContentReplaceBehavior [ RunTime:0.000016s ]
INFO: [ template_filter ] --END-- [ RunTime:0.000040s ]
NOTIC: [2] Illegal string offset 'name' /Users/duzexuan/www/app/Application/Runtime/Cache/Home/2a94b8bda04ff446dcedd42276fc99ee.php 第 8 行.
NOTIC: [2] Illegal string offset 'age' /Users/duzexuan/www/app/Application/Runtime/Cache/Home/2a94b8bda04ff446dcedd42276fc99ee.php 第 8 行.
NOTIC: [2] Illegal string offset 'name' /Users/duzexuan/www/app/Application/Runtime/Cache/Home/2a94b8bda04ff446dcedd42276fc99ee.php 第 8 行.
NOTIC: [2] Illegal string offset 'age' /Users/duzexuan/www/app/Application/Runtime/Cache/Home/2a94b8bda04ff446dcedd42276fc99ee.php 第 8 行.
NOTIC: [2] Illegal string offset 'name' /Users/duzexuan/www/app/Application/Runtime/Cache/Home/2a94b8bda04ff446dcedd42276fc99ee.php 第 8 行.
NOTIC: [2] Illegal string offset 'age' /Users/duzexuan/www/app/Application/Runtime/Cache/Home/2a94b8bda04ff446dcedd42276fc99ee.php 第 8 行.
INFO: Run Behavior\ParseTemplateBehavior [ RunTime:0.002779s ]
INFO: [ view_parse ] --END-- [ RunTime:0.002801s ]
INFO: [ view_filter ] --START--
INFO: Run Behavior\WriteHtmlCacheBehavior [ RunTime:0.000080s ]
INFO: [ view_filter ] --END-- [ RunTime:0.000099s ]
SQL: SHOW COLUMNS FROM `user` [ RunTime:0.0021s ]
SQL: SELECT * FROM `user` WHERE ( id=1 )  [ RunTime:0.0002s ]
INFO: [ app_end ] --START--
INFO: Run Behavior\ShowPageTraceBehavior [ RunTime:0.000427s ]
INFO: [ app_end ] --END-- [ RunTime:0.000473s ]

[ 2015-08-05T14:24:03+08:00 ] ::1 /app/
INFO: [ app_init ] --START--
INFO: Run Behavior\BuildLiteBehavior [ RunTime:0.000008s ]
INFO: [ app_init ] --END-- [ RunTime:0.000179s ]
INFO: [ app_begin ] --START--
INFO: Run Behavior\ReadHtmlCacheBehavior [ RunTime:0.000243s ]
INFO: [ app_begin ] --END-- [ RunTime:0.000285s ]
NOTIC: [8] Use of undefined constant name - assumed 'name' /Users/duzexuan/www/app/Application/Home/Controller/IndexController.class.php 第 13 行.
NOTIC: [8] Use of undefined constant age - assumed 'age' /Users/duzexuan/www/app/Application/Home/Controller/IndexController.class.php 第 13 行.
NOTIC: [8] Use of undefined constant name - assumed 'name' /Users/duzexuan/www/app/Application/Home/Controller/IndexController.class.php 第 14 行.
NOTIC: [8] Use of undefined constant age - assumed 'age' /Users/duzexuan/www/app/Application/Home/Controller/IndexController.class.php 第 14 行.
NOTIC: [8] Use of undefined constant name - assumed 'name' /Users/duzexuan/www/app/Application/Home/Controller/IndexController.class.php 第 15 行.
NOTIC: [8] Use of undefined constant age - assumed 'age' /Users/duzexuan/www/app/Application/Home/Controller/IndexController.class.php 第 15 行.
INFO: [ view_parse ] --START--
INFO: [ template_filter ] --START--
INFO: Run Behavior\ContentReplaceBehavior [ RunTime:0.000043s ]
INFO: [ template_filter ] --END-- [ RunTime:0.000103s ]
NOTIC: [2] Illegal string offset 'name' /Users/duzexuan/www/app/Application/Runtime/Cache/Home/2a94b8bda04ff446dcedd42276fc99ee.php 第 8 行.
NOTIC: [2] Illegal string offset 'age' /Users/duzexuan/www/app/Application/Runtime/Cache/Home/2a94b8bda04ff446dcedd42276fc99ee.php 第 8 行.
NOTIC: [2] Illegal string offset 'name' /Users/duzexuan/www/app/Application/Runtime/Cache/Home/2a94b8bda04ff446dcedd42276fc99ee.php 第 8 行.
NOTIC: [2] Illegal string offset 'age' /Users/duzexuan/www/app/Application/Runtime/Cache/Home/2a94b8bda04ff446dcedd42276fc99ee.php 第 8 行.
NOTIC: [2] Illegal string offset 'name' /Users/duzexuan/www/app/Application/Runtime/Cache/Home/2a94b8bda04ff446dcedd42276fc99ee.php 第 8 行.
NOTIC: [2] Illegal string offset 'age' /Users/duzexuan/www/app/Application/Runtime/Cache/Home/2a94b8bda04ff446dcedd42276fc99ee.php 第 8 行.
INFO: Run Behavior\ParseTemplateBehavior [ RunTime:0.003293s ]
INFO: [ view_parse ] --END-- [ RunTime:0.003320s ]
INFO: [ view_filter ] --START--
INFO: Run Behavior\WriteHtmlCacheBehavior [ RunTime:0.000101s ]
INFO: [ view_filter ] --END-- [ RunTime:0.000122s ]
SQL: SHOW COLUMNS FROM `user` [ RunTime:0.0026s ]
SQL: SELECT * FROM `user` WHERE ( id=0 )  [ RunTime:0.0002s ]
INFO: [ app_end ] --START--
INFO: Run Behavior\ShowPageTraceBehavior [ RunTime:0.000382s ]
INFO: [ app_end ] --END-- [ RunTime:0.000418s ]

[ 2015-08-05T14:24:10+08:00 ] ::1 /app/
INFO: [ app_init ] --START--
INFO: Run Behavior\BuildLiteBehavior [ RunTime:0.000009s ]
INFO: [ app_init ] --END-- [ RunTime:0.000191s ]
INFO: [ app_begin ] --START--
INFO: Run Behavior\ReadHtmlCacheBehavior [ RunTime:0.000240s ]
INFO: [ app_begin ] --END-- [ RunTime:0.000269s ]
NOTIC: [8] Use of undefined constant name - assumed 'name' /Users/duzexuan/www/app/Application/Home/Controller/IndexController.class.php 第 13 行.
NOTIC: [8] Use of undefined constant age - assumed 'age' /Users/duzexuan/www/app/Application/Home/Controller/IndexController.class.php 第 13 行.
NOTIC: [8] Use of undefined constant name - assumed 'name' /Users/duzexuan/www/app/Application/Home/Controller/IndexController.class.php 第 14 行.
NOTIC: [8] Use of undefined constant age - assumed 'age' /Users/duzexuan/www/app/Application/Home/Controller/IndexController.class.php 第 14 行.
NOTIC: [8] Use of undefined constant name - assumed 'name' /Users/duzexuan/www/app/Application/Home/Controller/IndexController.class.php 第 15 行.
NOTIC: [8] Use of undefined constant age - assumed 'age' /Users/duzexuan/www/app/Application/Home/Controller/IndexController.class.php 第 15 行.
INFO: [ view_parse ] --START--
INFO: [ template_filter ] --START--
INFO: Run Behavior\ContentReplaceBehavior [ RunTime:0.000021s ]
INFO: [ template_filter ] --END-- [ RunTime:0.000058s ]
NOTIC: [2] Illegal string offset 'name' /Users/duzexuan/www/app/Application/Runtime/Cache/Home/2a94b8bda04ff446dcedd42276fc99ee.php 第 8 行.
NOTIC: [2] Illegal string offset 'age' /Users/duzexuan/www/app/Application/Runtime/Cache/Home/2a94b8bda04ff446dcedd42276fc99ee.php 第 8 行.
NOTIC: [2] Illegal string offset 'name' /Users/duzexuan/www/app/Application/Runtime/Cache/Home/2a94b8bda04ff446dcedd42276fc99ee.php 第 8 行.
NOTIC: [2] Illegal string offset 'age' /Users/duzexuan/www/app/Application/Runtime/Cache/Home/2a94b8bda04ff446dcedd42276fc99ee.php 第 8 行.
NOTIC: [2] Illegal string offset 'name' /Users/duzexuan/www/app/Application/Runtime/Cache/Home/2a94b8bda04ff446dcedd42276fc99ee.php 第 8 行.
NOTIC: [2] Illegal string offset 'age' /Users/duzexuan/www/app/Application/Runtime/Cache/Home/2a94b8bda04ff446dcedd42276fc99ee.php 第 8 行.
INFO: Run Behavior\ParseTemplateBehavior [ RunTime:0.003583s ]
INFO: [ view_parse ] --END-- [ RunTime:0.003607s ]
INFO: [ view_filter ] --START--
INFO: Run Behavior\WriteHtmlCacheBehavior [ RunTime:0.000101s ]
INFO: [ view_filter ] --END-- [ RunTime:0.000121s ]
SQL: SHOW COLUMNS FROM `user` [ RunTime:0.0021s ]
SQL: SELECT * FROM `user` WHERE ( id=2 )  [ RunTime:0.0002s ]
INFO: [ app_end ] --START--
INFO: Run Behavior\ShowPageTraceBehavior [ RunTime:0.000320s ]
INFO: [ app_end ] --END-- [ RunTime:0.000352s ]

[ 2015-08-05T14:24:28+08:00 ] ::1 /app/
INFO: [ app_init ] --START--
INFO: Run Behavior\BuildLiteBehavior [ RunTime:0.000009s ]
INFO: [ app_init ] --END-- [ RunTime:0.000204s ]
INFO: [ app_begin ] --START--
INFO: Run Behavior\ReadHtmlCacheBehavior [ RunTime:0.000346s ]
INFO: [ app_begin ] --END-- [ RunTime:0.000388s ]
NOTIC: [8] Use of undefined constant name - assumed 'name' /Users/duzexuan/www/app/Application/Home/Controller/IndexController.class.php 第 13 行.
NOTIC: [8] Use of undefined constant age - assumed 'age' /Users/duzexuan/www/app/Application/Home/Controller/IndexController.class.php 第 13 行.
NOTIC: [8] Use of undefined constant name - assumed 'name' /Users/duzexuan/www/app/Application/Home/Controller/IndexController.class.php 第 14 行.
NOTIC: [8] Use of undefined constant age - assumed 'age' /Users/duzexuan/www/app/Application/Home/Controller/IndexController.class.php 第 14 行.
NOTIC: [8] Use of undefined constant name - assumed 'name' /Users/duzexuan/www/app/Application/Home/Controller/IndexController.class.php 第 15 行.
NOTIC: [8] Use of undefined constant age - assumed 'age' /Users/duzexuan/www/app/Application/Home/Controller/IndexController.class.php 第 15 行.
INFO: [ view_parse ] --START--
INFO: [ template_filter ] --START--
INFO: Run Behavior\ContentReplaceBehavior [ RunTime:0.000021s ]
INFO: [ template_filter ] --END-- [ RunTime:0.000056s ]
NOTIC: [2] Illegal string offset 'name' /Users/duzexuan/www/app/Application/Runtime/Cache/Home/2a94b8bda04ff446dcedd42276fc99ee.php 第 8 行.
NOTIC: [2] Illegal string offset 'age' /Users/duzexuan/www/app/Application/Runtime/Cache/Home/2a94b8bda04ff446dcedd42276fc99ee.php 第 8 行.
NOTIC: [2] Illegal string offset 'name' /Users/duzexuan/www/app/Application/Runtime/Cache/Home/2a94b8bda04ff446dcedd42276fc99ee.php 第 8 行.
NOTIC: [2] Illegal string offset 'age' /Users/duzexuan/www/app/Application/Runtime/Cache/Home/2a94b8bda04ff446dcedd42276fc99ee.php 第 8 行.
NOTIC: [2] Illegal string offset 'name' /Users/duzexuan/www/app/Application/Runtime/Cache/Home/2a94b8bda04ff446dcedd42276fc99ee.php 第 8 行.
NOTIC: [2] Illegal string offset 'age' /Users/duzexuan/www/app/Application/Runtime/Cache/Home/2a94b8bda04ff446dcedd42276fc99ee.php 第 8 行.
INFO: Run Behavior\ParseTemplateBehavior [ RunTime:0.003165s ]
INFO: [ view_parse ] --END-- [ RunTime:0.003195s ]
INFO: [ view_filter ] --START--
INFO: Run Behavior\WriteHtmlCacheBehavior [ RunTime:0.000122s ]
INFO: [ view_filter ] --END-- [ RunTime:0.000146s ]
SQL: SHOW COLUMNS FROM `user` [ RunTime:0.0020s ]
SQL: SELECT * FROM `user` WHERE ( id>=1 )  [ RunTime:0.0020s ]
INFO: [ app_end ] --START--
INFO: Run Behavior\ShowPageTraceBehavior [ RunTime:0.000367s ]
INFO: [ app_end ] --END-- [ RunTime:0.000401s ]

[ 2015-08-05T14:24:52+08:00 ] ::1 /app/
INFO: [ app_init ] --START--
INFO: Run Behavior\BuildLiteBehavior [ RunTime:0.000008s ]
INFO: [ app_init ] --END-- [ RunTime:0.000198s ]
INFO: [ app_begin ] --START--
INFO: Run Behavior\ReadHtmlCacheBehavior [ RunTime:0.000235s ]
INFO: [ app_begin ] --END-- [ RunTime:0.000263s ]
NOTIC: [8] Use of undefined constant name - assumed 'name' /Users/duzexuan/www/app/Application/Home/Controller/IndexController.class.php 第 13 行.
NOTIC: [8] Use of undefined constant age - assumed 'age' /Users/duzexuan/www/app/Application/Home/Controller/IndexController.class.php 第 13 行.
NOTIC: [8] Use of undefined constant name - assumed 'name' /Users/duzexuan/www/app/Application/Home/Controller/IndexController.class.php 第 14 行.
NOTIC: [8] Use of undefined constant age - assumed 'age' /Users/duzexuan/www/app/Application/Home/Controller/IndexController.class.php 第 14 行.
NOTIC: [8] Use of undefined constant name - assumed 'name' /Users/duzexuan/www/app/Application/Home/Controller/IndexController.class.php 第 15 行.
NOTIC: [8] Use of undefined constant age - assumed 'age' /Users/duzexuan/www/app/Application/Home/Controller/IndexController.class.php 第 15 行.
INFO: [ view_parse ] --START--
INFO: [ template_filter ] --START--
INFO: Run Behavior\ContentReplaceBehavior [ RunTime:0.000018s ]
INFO: [ template_filter ] --END-- [ RunTime:0.000050s ]
NOTIC: [2] Illegal string offset 'name' /Users/duzexuan/www/app/Application/Runtime/Cache/Home/2a94b8bda04ff446dcedd42276fc99ee.php 第 8 行.
NOTIC: [2] Illegal string offset 'age' /Users/duzexuan/www/app/Application/Runtime/Cache/Home/2a94b8bda04ff446dcedd42276fc99ee.php 第 8 行.
NOTIC: [2] Illegal string offset 'name' /Users/duzexuan/www/app/Application/Runtime/Cache/Home/2a94b8bda04ff446dcedd42276fc99ee.php 第 8 行.
NOTIC: [2] Illegal string offset 'age' /Users/duzexuan/www/app/Application/Runtime/Cache/Home/2a94b8bda04ff446dcedd42276fc99ee.php 第 8 行.
NOTIC: [2] Illegal string offset 'name' /Users/duzexuan/www/app/Application/Runtime/Cache/Home/2a94b8bda04ff446dcedd42276fc99ee.php 第 8 行.
NOTIC: [2] Illegal string offset 'age' /Users/duzexuan/www/app/Application/Runtime/Cache/Home/2a94b8bda04ff446dcedd42276fc99ee.php 第 8 行.
INFO: Run Behavior\ParseTemplateBehavior [ RunTime:0.003189s ]
INFO: [ view_parse ] --END-- [ RunTime:0.003212s ]
INFO: [ view_filter ] --START--
INFO: Run Behavior\WriteHtmlCacheBehavior [ RunTime:0.000086s ]
INFO: [ view_filter ] --END-- [ RunTime:0.000104s ]
SQL: SHOW COLUMNS FROM `user` [ RunTime:0.0018s ]
SQL: SELECT * FROM `user` WHERE ( id=1&id=2 )  [ RunTime:0.0010s ]
INFO: [ app_end ] --START--
INFO: Run Behavior\ShowPageTraceBehavior [ RunTime:0.000355s ]
INFO: [ app_end ] --END-- [ RunTime:0.000386s ]

[ 2015-08-05T14:25:30+08:00 ] ::1 /app/
INFO: [ app_init ] --START--
INFO: Run Behavior\BuildLiteBehavior [ RunTime:0.000009s ]
INFO: [ app_init ] --END-- [ RunTime:0.000222s ]
INFO: [ app_begin ] --START--
INFO: Run Behavior\ReadHtmlCacheBehavior [ RunTime:0.000293s ]
INFO: [ app_begin ] --END-- [ RunTime:0.000321s ]
NOTIC: [8] Use of undefined constant name - assumed 'name' /Users/duzexuan/www/app/Application/Home/Controller/IndexController.class.php 第 13 行.
NOTIC: [8] Use of undefined constant age - assumed 'age' /Users/duzexuan/www/app/Application/Home/Controller/IndexController.class.php 第 13 行.
NOTIC: [8] Use of undefined constant name - assumed 'name' /Users/duzexuan/www/app/Application/Home/Controller/IndexController.class.php 第 14 行.
NOTIC: [8] Use of undefined constant age - assumed 'age' /Users/duzexuan/www/app/Application/Home/Controller/IndexController.class.php 第 14 行.
NOTIC: [8] Use of undefined constant name - assumed 'name' /Users/duzexuan/www/app/Application/Home/Controller/IndexController.class.php 第 15 行.
NOTIC: [8] Use of undefined constant age - assumed 'age' /Users/duzexuan/www/app/Application/Home/Controller/IndexController.class.php 第 15 行.
INFO: [ view_parse ] --START--
INFO: [ template_filter ] --START--
INFO: Run Behavior\ContentReplaceBehavior [ RunTime:0.000018s ]
INFO: [ template_filter ] --END-- [ RunTime:0.000050s ]
NOTIC: [2] Illegal string offset 'name' /Users/duzexuan/www/app/Application/Runtime/Cache/Home/2a94b8bda04ff446dcedd42276fc99ee.php 第 8 行.
NOTIC: [2] Illegal string offset 'age' /Users/duzexuan/www/app/Application/Runtime/Cache/Home/2a94b8bda04ff446dcedd42276fc99ee.php 第 8 行.
NOTIC: [2] Illegal string offset 'name' /Users/duzexuan/www/app/Application/Runtime/Cache/Home/2a94b8bda04ff446dcedd42276fc99ee.php 第 8 行.
NOTIC: [2] Illegal string offset 'age' /Users/duzexuan/www/app/Application/Runtime/Cache/Home/2a94b8bda04ff446dcedd42276fc99ee.php 第 8 行.
NOTIC: [2] Illegal string offset 'name' /Users/duzexuan/www/app/Application/Runtime/Cache/Home/2a94b8bda04ff446dcedd42276fc99ee.php 第 8 行.
NOTIC: [2] Illegal string offset 'age' /Users/duzexuan/www/app/Application/Runtime/Cache/Home/2a94b8bda04ff446dcedd42276fc99ee.php 第 8 行.
INFO: Run Behavior\ParseTemplateBehavior [ RunTime:0.003031s ]
INFO: [ view_parse ] --END-- [ RunTime:0.003066s ]
INFO: [ view_filter ] --START--
INFO: Run Behavior\WriteHtmlCacheBehavior [ RunTime:0.000095s ]
INFO: [ view_filter ] --END-- [ RunTime:0.000115s ]
SQL: SHOW COLUMNS FROM `user` [ RunTime:0.0025s ]
SQL: SELECT * FROM `user` WHERE `id` = 1  [ RunTime:0.0002s ]
INFO: [ app_end ] --START--
INFO: Run Behavior\ShowPageTraceBehavior [ RunTime:0.000307s ]
INFO: [ app_end ] --END-- [ RunTime:0.000333s ]

[ 2015-08-05T14:26:50+08:00 ] ::1 /app/
INFO: [ app_init ] --START--
INFO: Run Behavior\BuildLiteBehavior [ RunTime:0.000009s ]
INFO: [ app_init ] --END-- [ RunTime:0.000213s ]
INFO: [ app_begin ] --START--
INFO: Run Behavior\ReadHtmlCacheBehavior [ RunTime:0.000244s ]
INFO: [ app_begin ] --END-- [ RunTime:0.000271s ]
NOTIC: [8] Use of undefined constant name - assumed 'name' /Users/duzexuan/www/app/Application/Home/Controller/IndexController.class.php 第 13 行.
NOTIC: [8] Use of undefined constant age - assumed 'age' /Users/duzexuan/www/app/Application/Home/Controller/IndexController.class.php 第 13 行.
NOTIC: [8] Use of undefined constant name - assumed 'name' /Users/duzexuan/www/app/Application/Home/Controller/IndexController.class.php 第 14 行.
NOTIC: [8] Use of undefined constant age - assumed 'age' /Users/duzexuan/www/app/Application/Home/Controller/IndexController.class.php 第 14 行.
NOTIC: [8] Use of undefined constant name - assumed 'name' /Users/duzexuan/www/app/Application/Home/Controller/IndexController.class.php 第 15 行.
NOTIC: [8] Use of undefined constant age - assumed 'age' /Users/duzexuan/www/app/Application/Home/Controller/IndexController.class.php 第 15 行.
INFO: [ view_parse ] --START--
INFO: [ template_filter ] --START--
INFO: Run Behavior\ContentReplaceBehavior [ RunTime:0.000022s ]
INFO: [ template_filter ] --END-- [ RunTime:0.000065s ]
NOTIC: [2] Illegal string offset 'name' /Users/duzexuan/www/app/Application/Runtime/Cache/Home/2a94b8bda04ff446dcedd42276fc99ee.php 第 8 行.
NOTIC: [2] Illegal string offset 'age' /Users/duzexuan/www/app/Application/Runtime/Cache/Home/2a94b8bda04ff446dcedd42276fc99ee.php 第 8 行.
NOTIC: [2] Illegal string offset 'name' /Users/duzexuan/www/app/Application/Runtime/Cache/Home/2a94b8bda04ff446dcedd42276fc99ee.php 第 8 行.
NOTIC: [2] Illegal string offset 'age' /Users/duzexuan/www/app/Application/Runtime/Cache/Home/2a94b8bda04ff446dcedd42276fc99ee.php 第 8 行.
NOTIC: [2] Illegal string offset 'name' /Users/duzexuan/www/app/Application/Runtime/Cache/Home/2a94b8bda04ff446dcedd42276fc99ee.php 第 8 行.
NOTIC: [2] Illegal string offset 'age' /Users/duzexuan/www/app/Application/Runtime/Cache/Home/2a94b8bda04ff446dcedd42276fc99ee.php 第 8 行.
INFO: Run Behavior\ParseTemplateBehavior [ RunTime:0.004287s ]
INFO: [ view_parse ] --END-- [ RunTime:0.004320s ]
INFO: [ view_filter ] --START--
INFO: Run Behavior\WriteHtmlCacheBehavior [ RunTime:0.000248s ]
INFO: [ view_filter ] --END-- [ RunTime:0.000276s ]
SQL: SHOW COLUMNS FROM `user` [ RunTime:0.0023s ]
SQL: SELECT * FROM `user` WHERE `id` = 1  [ RunTime:0.0003s ]
INFO: [ app_end ] --START--
INFO: Run Behavior\ShowPageTraceBehavior [ RunTime:0.000329s ]
INFO: [ app_end ] --END-- [ RunTime:0.000358s ]

[ 2015-08-05T14:27:14+08:00 ] ::1 /app/
INFO: [ app_init ] --START--
INFO: Run Behavior\BuildLiteBehavior [ RunTime:0.000008s ]
INFO: [ app_init ] --END-- [ RunTime:0.000177s ]
INFO: [ app_begin ] --START--
INFO: Run Behavior\ReadHtmlCacheBehavior [ RunTime:0.000224s ]
INFO: [ app_begin ] --END-- [ RunTime:0.000251s ]
NOTIC: [8] Use of undefined constant name - assumed 'name' /Users/duzexuan/www/app/Application/Home/Controller/IndexController.class.php 第 13 行.
NOTIC: [8] Use of undefined constant age - assumed 'age' /Users/duzexuan/www/app/Application/Home/Controller/IndexController.class.php 第 13 行.
NOTIC: [8] Use of undefined constant name - assumed 'name' /Users/duzexuan/www/app/Application/Home/Controller/IndexController.class.php 第 14 行.
NOTIC: [8] Use of undefined constant age - assumed 'age' /Users/duzexuan/www/app/Application/Home/Controller/IndexController.class.php 第 14 行.
NOTIC: [8] Use of undefined constant name - assumed 'name' /Users/duzexuan/www/app/Application/Home/Controller/IndexController.class.php 第 15 行.
NOTIC: [8] Use of undefined constant age - assumed 'age' /Users/duzexuan/www/app/Application/Home/Controller/IndexController.class.php 第 15 行.
INFO: [ view_parse ] --START--
INFO: [ template_filter ] --START--
INFO: Run Behavior\ContentReplaceBehavior [ RunTime:0.000023s ]
INFO: [ template_filter ] --END-- [ RunTime:0.000071s ]
NOTIC: [2] Illegal string offset 'name' /Users/duzexuan/www/app/Application/Runtime/Cache/Home/2a94b8bda04ff446dcedd42276fc99ee.php 第 8 行.
NOTIC: [2] Illegal string offset 'age' /Users/duzexuan/www/app/Application/Runtime/Cache/Home/2a94b8bda04ff446dcedd42276fc99ee.php 第 8 行.
NOTIC: [2] Illegal string offset 'name' /Users/duzexuan/www/app/Application/Runtime/Cache/Home/2a94b8bda04ff446dcedd42276fc99ee.php 第 8 行.
NOTIC: [2] Illegal string offset 'age' /Users/duzexuan/www/app/Application/Runtime/Cache/Home/2a94b8bda04ff446dcedd42276fc99ee.php 第 8 行.
NOTIC: [2] Illegal string offset 'name' /Users/duzexuan/www/app/Application/Runtime/Cache/Home/2a94b8bda04ff446dcedd42276fc99ee.php 第 8 行.
NOTIC: [2] Illegal string offset 'age' /Users/duzexuan/www/app/Application/Runtime/Cache/Home/2a94b8bda04ff446dcedd42276fc99ee.php 第 8 行.
INFO: Run Behavior\ParseTemplateBehavior [ RunTime:0.003959s ]
INFO: [ view_parse ] --END-- [ RunTime:0.003985s ]
INFO: [ view_filter ] --START--
INFO: Run Behavior\WriteHtmlCacheBehavior [ RunTime:0.000104s ]
INFO: [ view_filter ] --END-- [ RunTime:0.000124s ]
SQL: SHOW COLUMNS FROM `user` [ RunTime:0.0020s ]
SQL: SELECT * FROM `user` WHERE `id` = 1 AND `username` = 'duzexuan'  [ RunTime:0.0016s ]
INFO: [ app_end ] --START--
INFO: Run Behavior\ShowPageTraceBehavior [ RunTime:0.000315s ]
INFO: [ app_end ] --END-- [ RunTime:0.000346s ]

[ 2015-08-05T14:27:46+08:00 ] ::1 /app/
INFO: [ app_init ] --START--
INFO: Run Behavior\BuildLiteBehavior [ RunTime:0.000008s ]
INFO: [ app_init ] --END-- [ RunTime:0.000180s ]
INFO: [ app_begin ] --START--
INFO: Run Behavior\ReadHtmlCacheBehavior [ RunTime:0.000225s ]
INFO: [ app_begin ] --END-- [ RunTime:0.000252s ]
NOTIC: [8] Use of undefined constant name - assumed 'name' /Users/duzexuan/www/app/Application/Home/Controller/IndexController.class.php 第 13 行.
NOTIC: [8] Use of undefined constant age - assumed 'age' /Users/duzexuan/www/app/Application/Home/Controller/IndexController.class.php 第 13 行.
NOTIC: [8] Use of undefined constant name - assumed 'name' /Users/duzexuan/www/app/Application/Home/Controller/IndexController.class.php 第 14 行.
NOTIC: [8] Use of undefined constant age - assumed 'age' /Users/duzexuan/www/app/Application/Home/Controller/IndexController.class.php 第 14 行.
NOTIC: [8] Use of undefined constant name - assumed 'name' /Users/duzexuan/www/app/Application/Home/Controller/IndexController.class.php 第 15 行.
NOTIC: [8] Use of undefined constant age - assumed 'age' /Users/duzexuan/www/app/Application/Home/Controller/IndexController.class.php 第 15 行.
INFO: [ view_parse ] --START--
INFO: [ template_filter ] --START--
INFO: Run Behavior\ContentReplaceBehavior [ RunTime:0.000018s ]
INFO: [ template_filter ] --END-- [ RunTime:0.000046s ]
NOTIC: [2] Illegal string offset 'name' /Users/duzexuan/www/app/Application/Runtime/Cache/Home/2a94b8bda04ff446dcedd42276fc99ee.php 第 8 行.
NOTIC: [2] Illegal string offset 'age' /Users/duzexuan/www/app/Application/Runtime/Cache/Home/2a94b8bda04ff446dcedd42276fc99ee.php 第 8 行.
NOTIC: [2] Illegal string offset 'name' /Users/duzexuan/www/app/Application/Runtime/Cache/Home/2a94b8bda04ff446dcedd42276fc99ee.php 第 8 行.
NOTIC: [2] Illegal string offset 'age' /Users/duzexuan/www/app/Application/Runtime/Cache/Home/2a94b8bda04ff446dcedd42276fc99ee.php 第 8 行.
NOTIC: [2] Illegal string offset 'name' /Users/duzexuan/www/app/Application/Runtime/Cache/Home/2a94b8bda04ff446dcedd42276fc99ee.php 第 8 行.
NOTIC: [2] Illegal string offset 'age' /Users/duzexuan/www/app/Application/Runtime/Cache/Home/2a94b8bda04ff446dcedd42276fc99ee.php 第 8 行.
INFO: Run Behavior\ParseTemplateBehavior [ RunTime:0.002904s ]
INFO: [ view_parse ] --END-- [ RunTime:0.002926s ]
INFO: [ view_filter ] --START--
INFO: Run Behavior\WriteHtmlCacheBehavior [ RunTime:0.000084s ]
INFO: [ view_filter ] --END-- [ RunTime:0.000101s ]
SQL: SHOW COLUMNS FROM `user` [ RunTime:0.0020s ]
SQL: SELECT * FROM `user` WHERE `id` = 1 AND `username` = 'd笑喷'  [ RunTime:0.0002s ]
INFO: [ app_end ] --START--
INFO: Run Behavior\ShowPageTraceBehavior [ RunTime:0.000349s ]
INFO: [ app_end ] --END-- [ RunTime:0.000380s ]

[ 2015-08-05T14:27:54+08:00 ] ::1 /app/
INFO: [ app_init ] --START--
INFO: Run Behavior\BuildLiteBehavior [ RunTime:0.000014s ]
INFO: [ app_init ] --END-- [ RunTime:0.000323s ]
INFO: [ app_begin ] --START--
INFO: Run Behavior\ReadHtmlCacheBehavior [ RunTime:0.000392s ]
INFO: [ app_begin ] --END-- [ RunTime:0.000428s ]
NOTIC: [8] Use of undefined constant name - assumed 'name' /Users/duzexuan/www/app/Application/Home/Controller/IndexController.class.php 第 13 行.
NOTIC: [8] Use of undefined constant age - assumed 'age' /Users/duzexuan/www/app/Application/Home/Controller/IndexController.class.php 第 13 行.
NOTIC: [8] Use of undefined constant name - assumed 'name' /Users/duzexuan/www/app/Application/Home/Controller/IndexController.class.php 第 14 行.
NOTIC: [8] Use of undefined constant age - assumed 'age' /Users/duzexuan/www/app/Application/Home/Controller/IndexController.class.php 第 14 行.
NOTIC: [8] Use of undefined constant name - assumed 'name' /Users/duzexuan/www/app/Application/Home/Controller/IndexController.class.php 第 15 行.
NOTIC: [8] Use of undefined constant age - assumed 'age' /Users/duzexuan/www/app/Application/Home/Controller/IndexController.class.php 第 15 行.
INFO: [ view_parse ] --START--
INFO: [ template_filter ] --START--
INFO: Run Behavior\ContentReplaceBehavior [ RunTime:0.000020s ]
INFO: [ template_filter ] --END-- [ RunTime:0.000056s ]
NOTIC: [2] Illegal string offset 'name' /Users/duzexuan/www/app/Application/Runtime/Cache/Home/2a94b8bda04ff446dcedd42276fc99ee.php 第 8 行.
NOTIC: [2] Illegal string offset 'age' /Users/duzexuan/www/app/Application/Runtime/Cache/Home/2a94b8bda04ff446dcedd42276fc99ee.php 第 8 行.
NOTIC: [2] Illegal string offset 'name' /Users/duzexuan/www/app/Application/Runtime/Cache/Home/2a94b8bda04ff446dcedd42276fc99ee.php 第 8 行.
NOTIC: [2] Illegal string offset 'age' /Users/duzexuan/www/app/Application/Runtime/Cache/Home/2a94b8bda04ff446dcedd42276fc99ee.php 第 8 行.
NOTIC: [2] Illegal string offset 'name' /Users/duzexuan/www/app/Application/Runtime/Cache/Home/2a94b8bda04ff446dcedd42276fc99ee.php 第 8 行.
NOTIC: [2] Illegal string offset 'age' /Users/duzexuan/www/app/Application/Runtime/Cache/Home/2a94b8bda04ff446dcedd42276fc99ee.php 第 8 行.
INFO: Run Behavior\ParseTemplateBehavior [ RunTime:0.003439s ]
INFO: [ view_parse ] --END-- [ RunTime:0.003463s ]
INFO: [ view_filter ] --START--
INFO: Run Behavior\WriteHtmlCacheBehavior [ RunTime:0.000098s ]
INFO: [ view_filter ] --END-- [ RunTime:0.000120s ]
SQL: SHOW COLUMNS FROM `user` [ RunTime:0.0023s ]
SQL: SELECT * FROM `user` WHERE `id` = 1 AND `username` = 'd笑喷'  [ RunTime:0.0002s ]
INFO: [ app_end ] --START--
INFO: Run Behavior\ShowPageTraceBehavior [ RunTime:0.000448s ]
INFO: [ app_end ] --END-- [ RunTime:0.000486s ]

[ 2015-08-05T14:28:53+08:00 ] ::1 /app/
INFO: [ app_init ] --START--
INFO: Run Behavior\BuildLiteBehavior [ RunTime:0.000008s ]
INFO: [ app_init ] --END-- [ RunTime:0.000181s ]
INFO: [ app_begin ] --START--
INFO: Run Behavior\ReadHtmlCacheBehavior [ RunTime:0.000231s ]
INFO: [ app_begin ] --END-- [ RunTime:0.000259s ]

[ 2015-08-05T14:28:59+08:00 ] ::1 /app/
INFO: [ app_init ] --START--
INFO: Run Behavior\BuildLiteBehavior [ RunTime:0.000008s ]
INFO: [ app_init ] --END-- [ RunTime:0.000181s ]
INFO: [ app_begin ] --START--
INFO: Run Behavior\ReadHtmlCacheBehavior [ RunTime:0.000249s ]
INFO: [ app_begin ] --END-- [ RunTime:0.000277s ]
NOTIC: [8] Use of undefined constant name - assumed 'name' /Users/duzexuan/www/app/Application/Home/Controller/IndexController.class.php 第 13 行.
NOTIC: [8] Use of undefined constant age - assumed 'age' /Users/duzexuan/www/app/Application/Home/Controller/IndexController.class.php 第 13 行.
NOTIC: [8] Use of undefined constant name - assumed 'name' /Users/duzexuan/www/app/Application/Home/Controller/IndexController.class.php 第 14 行.
NOTIC: [8] Use of undefined constant age - assumed 'age' /Users/duzexuan/www/app/Application/Home/Controller/IndexController.class.php 第 14 行.
NOTIC: [8] Use of undefined constant name - assumed 'name' /Users/duzexuan/www/app/Application/Home/Controller/IndexController.class.php 第 15 行.
NOTIC: [8] Use of undefined constant age - assumed 'age' /Users/duzexuan/www/app/Application/Home/Controller/IndexController.class.php 第 15 行.
INFO: [ view_parse ] --START--
INFO: [ template_filter ] --START--
INFO: Run Behavior\ContentReplaceBehavior [ RunTime:0.000020s ]
INFO: [ template_filter ] --END-- [ RunTime:0.000053s ]
NOTIC: [2] Illegal string offset 'name' /Users/duzexuan/www/app/Application/Runtime/Cache/Home/2a94b8bda04ff446dcedd42276fc99ee.php 第 8 行.
NOTIC: [2] Illegal string offset 'age' /Users/duzexuan/www/app/Application/Runtime/Cache/Home/2a94b8bda04ff446dcedd42276fc99ee.php 第 8 行.
NOTIC: [2] Illegal string offset 'name' /Users/duzexuan/www/app/Application/Runtime/Cache/Home/2a94b8bda04ff446dcedd42276fc99ee.php 第 8 行.
NOTIC: [2] Illegal string offset 'age' /Users/duzexuan/www/app/Application/Runtime/Cache/Home/2a94b8bda04ff446dcedd42276fc99ee.php 第 8 行.
NOTIC: [2] Illegal string offset 'name' /Users/duzexuan/www/app/Application/Runtime/Cache/Home/2a94b8bda04ff446dcedd42276fc99ee.php 第 8 行.
NOTIC: [2] Illegal string offset 'age' /Users/duzexuan/www/app/Application/Runtime/Cache/Home/2a94b8bda04ff446dcedd42276fc99ee.php 第 8 行.
INFO: Run Behavior\ParseTemplateBehavior [ RunTime:0.003223s ]
INFO: [ view_parse ] --END-- [ RunTime:0.003247s ]
INFO: [ view_filter ] --START--
INFO: Run Behavior\WriteHtmlCacheBehavior [ RunTime:0.000096s ]
INFO: [ view_filter ] --END-- [ RunTime:0.000115s ]
SQL: SHOW COLUMNS FROM `user` [ RunTime:0.0025s ]
SQL: SELECT * FROM `user` WHERE `id` = 1 AND `username` = 'd笑喷'  [ RunTime:0.0002s ]
INFO: [ app_end ] --START--
INFO: Run Behavior\ShowPageTraceBehavior [ RunTime:0.000315s ]
INFO: [ app_end ] --END-- [ RunTime:0.000341s ]

[ 2015-08-05T14:29:15+08:00 ] ::1 /app/
INFO: [ app_init ] --START--
INFO: Run Behavior\BuildLiteBehavior [ RunTime:0.000008s ]
INFO: [ app_init ] --END-- [ RunTime:0.000177s ]
INFO: [ app_begin ] --START--
INFO: Run Behavior\ReadHtmlCacheBehavior [ RunTime:0.000228s ]
INFO: [ app_begin ] --END-- [ RunTime:0.000255s ]
NOTIC: [8] Use of undefined constant name - assumed 'name' /Users/duzexuan/www/app/Application/Home/Controller/IndexController.class.php 第 13 行.
NOTIC: [8] Use of undefined constant age - assumed 'age' /Users/duzexuan/www/app/Application/Home/Controller/IndexController.class.php 第 13 行.
NOTIC: [8] Use of undefined constant name - assumed 'name' /Users/duzexuan/www/app/Application/Home/Controller/IndexController.class.php 第 14 行.
NOTIC: [8] Use of undefined constant age - assumed 'age' /Users/duzexuan/www/app/Application/Home/Controller/IndexController.class.php 第 14 行.
NOTIC: [8] Use of undefined constant name - assumed 'name' /Users/duzexuan/www/app/Application/Home/Controller/IndexController.class.php 第 15 行.
NOTIC: [8] Use of undefined constant age - assumed 'age' /Users/duzexuan/www/app/Application/Home/Controller/IndexController.class.php 第 15 行.
INFO: [ view_parse ] --START--
INFO: [ template_filter ] --START--
INFO: Run Behavior\ContentReplaceBehavior [ RunTime:0.000020s ]
INFO: [ template_filter ] --END-- [ RunTime:0.000056s ]
NOTIC: [2] Illegal string offset 'name' /Users/duzexuan/www/app/Application/Runtime/Cache/Home/2a94b8bda04ff446dcedd42276fc99ee.php 第 8 行.
NOTIC: [2] Illegal string offset 'age' /Users/duzexuan/www/app/Application/Runtime/Cache/Home/2a94b8bda04ff446dcedd42276fc99ee.php 第 8 行.
NOTIC: [2] Illegal string offset 'name' /Users/duzexuan/www/app/Application/Runtime/Cache/Home/2a94b8bda04ff446dcedd42276fc99ee.php 第 8 行.
NOTIC: [2] Illegal string offset 'age' /Users/duzexuan/www/app/Application/Runtime/Cache/Home/2a94b8bda04ff446dcedd42276fc99ee.php 第 8 行.
NOTIC: [2] Illegal string offset 'name' /Users/duzexuan/www/app/Application/Runtime/Cache/Home/2a94b8bda04ff446dcedd42276fc99ee.php 第 8 行.
NOTIC: [2] Illegal string offset 'age' /Users/duzexuan/www/app/Application/Runtime/Cache/Home/2a94b8bda04ff446dcedd42276fc99ee.php 第 8 行.
INFO: Run Behavior\ParseTemplateBehavior [ RunTime:0.003405s ]
INFO: [ view_parse ] --END-- [ RunTime:0.003490s ]
INFO: [ view_filter ] --START--
INFO: Run Behavior\WriteHtmlCacheBehavior [ RunTime:0.000199s ]
INFO: [ view_filter ] --END-- [ RunTime:0.000241s ]
SQL: SHOW COLUMNS FROM `user` [ RunTime:0.0023s ]
SQL: SELECT * FROM `user` WHERE `id` = 1 OR `username` = 'd笑喷'  [ RunTime:0.0003s ]
INFO: [ app_end ] --START--
INFO: Run Behavior\ShowPageTraceBehavior [ RunTime:0.000313s ]
INFO: [ app_end ] --END-- [ RunTime:0.000344s ]

[ 2015-08-05T14:29:56+08:00 ] ::1 /app/
INFO: [ app_init ] --START--
INFO: Run Behavior\BuildLiteBehavior [ RunTime:0.000008s ]
INFO: [ app_init ] --END-- [ RunTime:0.000178s ]
INFO: [ app_begin ] --START--
INFO: Run Behavior\ReadHtmlCacheBehavior [ RunTime:0.000225s ]
INFO: [ app_begin ] --END-- [ RunTime:0.000252s ]
NOTIC: [8] Use of undefined constant name - assumed 'name' /Users/duzexuan/www/app/Application/Home/Controller/IndexController.class.php 第 13 行.
NOTIC: [8] Use of undefined constant age - assumed 'age' /Users/duzexuan/www/app/Application/Home/Controller/IndexController.class.php 第 13 行.
NOTIC: [8] Use of undefined constant name - assumed 'name' /Users/duzexuan/www/app/Application/Home/Controller/IndexController.class.php 第 14 行.
NOTIC: [8] Use of undefined constant age - assumed 'age' /Users/duzexuan/www/app/Application/Home/Controller/IndexController.class.php 第 14 行.
NOTIC: [8] Use of undefined constant name - assumed 'name' /Users/duzexuan/www/app/Application/Home/Controller/IndexController.class.php 第 15 行.
NOTIC: [8] Use of undefined constant age - assumed 'age' /Users/duzexuan/www/app/Application/Home/Controller/IndexController.class.php 第 15 行.
INFO: [ view_parse ] --START--
INFO: [ template_filter ] --START--
INFO: Run Behavior\ContentReplaceBehavior [ RunTime:0.000036s ]
INFO: [ template_filter ] --END-- [ RunTime:0.000099s ]
NOTIC: [2] Illegal string offset 'name' /Users/duzexuan/www/app/Application/Runtime/Cache/Home/2a94b8bda04ff446dcedd42276fc99ee.php 第 8 行.
NOTIC: [2] Illegal string offset 'age' /Users/duzexuan/www/app/Application/Runtime/Cache/Home/2a94b8bda04ff446dcedd42276fc99ee.php 第 8 行.
NOTIC: [2] Illegal string offset 'name' /Users/duzexuan/www/app/Application/Runtime/Cache/Home/2a94b8bda04ff446dcedd42276fc99ee.php 第 8 行.
NOTIC: [2] Illegal string offset 'age' /Users/duzexuan/www/app/Application/Runtime/Cache/Home/2a94b8bda04ff446dcedd42276fc99ee.php 第 8 行.
NOTIC: [2] Illegal string offset 'name' /Users/duzexuan/www/app/Application/Runtime/Cache/Home/2a94b8bda04ff446dcedd42276fc99ee.php 第 8 行.
NOTIC: [2] Illegal string offset 'age' /Users/duzexuan/www/app/Application/Runtime/Cache/Home/2a94b8bda04ff446dcedd42276fc99ee.php 第 8 行.
INFO: Run Behavior\ParseTemplateBehavior [ RunTime:0.002995s ]
INFO: [ view_parse ] --END-- [ RunTime:0.003019s ]
INFO: [ view_filter ] --START--
INFO: Run Behavior\WriteHtmlCacheBehavior [ RunTime:0.000093s ]
INFO: [ view_filter ] --END-- [ RunTime:0.000112s ]
SQL: SHOW COLUMNS FROM `user` [ RunTime:0.0031s ]
SQL: SELECT * FROM `user` WHERE `id` = 1 OR `username` = 'xiaopen'  [ RunTime:0.0003s ]
INFO: [ app_end ] --START--
INFO: Run Behavior\ShowPageTraceBehavior [ RunTime:0.000338s ]
INFO: [ app_end ] --END-- [ RunTime:0.000368s ]

[ 2015-08-05T14:42:07+08:00 ] ::1 /app/
INFO: [ app_init ] --START--
INFO: Run Behavior\BuildLiteBehavior [ RunTime:0.000009s ]
INFO: [ app_init ] --END-- [ RunTime:0.000189s ]
INFO: [ app_begin ] --START--
INFO: Run Behavior\ReadHtmlCacheBehavior [ RunTime:0.000236s ]
INFO: [ app_begin ] --END-- [ RunTime:0.000265s ]

[ 2015-08-05T14:42:27+08:00 ] ::1 /app/
INFO: [ app_init ] --START--
INFO: Run Behavior\BuildLiteBehavior [ RunTime:0.000009s ]
INFO: [ app_init ] --END-- [ RunTime:0.000196s ]
INFO: [ app_begin ] --START--
INFO: Run Behavior\ReadHtmlCacheBehavior [ RunTime:0.000380s ]
INFO: [ app_begin ] --END-- [ RunTime:0.000422s ]

[ 2015-08-05T14:43:52+08:00 ] ::1 /app/
INFO: [ app_init ] --START--
INFO: Run Behavior\BuildLiteBehavior [ RunTime:0.000008s ]
INFO: [ app_init ] --END-- [ RunTime:0.000183s ]
INFO: [ app_begin ] --START--
INFO: Run Behavior\ReadHtmlCacheBehavior [ RunTime:0.000226s ]
INFO: [ app_begin ] --END-- [ RunTime:0.000253s ]

[ 2015-08-05T14:44:05+08:00 ] ::1 /app/
INFO: [ app_init ] --START--
INFO: Run Behavior\BuildLiteBehavior [ RunTime:0.000009s ]
INFO: [ app_init ] --END-- [ RunTime:0.000182s ]
INFO: [ app_begin ] --START--
INFO: Run Behavior\ReadHtmlCacheBehavior [ RunTime:0.000227s ]
INFO: [ app_begin ] --END-- [ RunTime:0.000255s ]

[ 2015-08-05T14:44:19+08:00 ] ::1 /app/
INFO: [ app_init ] --START--
INFO: Run Behavior\BuildLiteBehavior [ RunTime:0.000008s ]
INFO: [ app_init ] --END-- [ RunTime:0.000178s ]
INFO: [ app_begin ] --START--
INFO: Run Behavior\ReadHtmlCacheBehavior [ RunTime:0.000228s ]
INFO: [ app_begin ] --END-- [ RunTime:0.000255s ]

[ 2015-08-05T14:44:33+08:00 ] ::1 /app/
INFO: [ app_init ] --START--
INFO: Run Behavior\BuildLiteBehavior [ RunTime:0.000008s ]
INFO: [ app_init ] --END-- [ RunTime:0.000190s ]
INFO: [ app_begin ] --START--
INFO: Run Behavior\ReadHtmlCacheBehavior [ RunTime:0.000235s ]
INFO: [ app_begin ] --END-- [ RunTime:0.000262s ]

[ 2015-08-05T14:44:45+08:00 ] ::1 /app/
INFO: [ app_init ] --START--
INFO: Run Behavior\BuildLiteBehavior [ RunTime:0.000009s ]
INFO: [ app_init ] --END-- [ RunTime:0.000199s ]
INFO: [ app_begin ] --START--
INFO: Run Behavior\ReadHtmlCacheBehavior [ RunTime:0.000297s ]
INFO: [ app_begin ] --END-- [ RunTime:0.000354s ]
NOTIC: [8] Use of undefined constant name - assumed 'name' /Users/duzexuan/www/app/Application/Home/Controller/IndexController.class.php 第 13 行.
NOTIC: [8] Use of undefined constant age - assumed 'age' /Users/duzexuan/www/app/Application/Home/Controller/IndexController.class.php 第 13 行.
NOTIC: [8] Use of undefined constant name - assumed 'name' /Users/duzexuan/www/app/Application/Home/Controller/IndexController.class.php 第 14 行.
NOTIC: [8] Use of undefined constant age - assumed 'age' /Users/duzexuan/www/app/Application/Home/Controller/IndexController.class.php 第 14 行.
NOTIC: [8] Use of undefined constant name - assumed 'name' /Users/duzexuan/www/app/Application/Home/Controller/IndexController.class.php 第 15 行.
NOTIC: [8] Use of undefined constant age - assumed 'age' /Users/duzexuan/www/app/Application/Home/Controller/IndexController.class.php 第 15 行.
INFO: [ view_parse ] --START--
INFO: [ template_filter ] --START--
INFO: Run Behavior\ContentReplaceBehavior [ RunTime:0.000021s ]
INFO: [ template_filter ] --END-- [ RunTime:0.000058s ]
NOTIC: [2] Illegal string offset 'name' /Users/duzexuan/www/app/Application/Runtime/Cache/Home/2a94b8bda04ff446dcedd42276fc99ee.php 第 8 行.
NOTIC: [2] Illegal string offset 'age' /Users/duzexuan/www/app/Application/Runtime/Cache/Home/2a94b8bda04ff446dcedd42276fc99ee.php 第 8 行.
NOTIC: [2] Illegal string offset 'name' /Users/duzexuan/www/app/Application/Runtime/Cache/Home/2a94b8bda04ff446dcedd42276fc99ee.php 第 8 行.
NOTIC: [2] Illegal string offset 'age' /Users/duzexuan/www/app/Application/Runtime/Cache/Home/2a94b8bda04ff446dcedd42276fc99ee.php 第 8 行.
NOTIC: [2] Illegal string offset 'name' /Users/duzexuan/www/app/Application/Runtime/Cache/Home/2a94b8bda04ff446dcedd42276fc99ee.php 第 8 行.
NOTIC: [2] Illegal string offset 'age' /Users/duzexuan/www/app/Application/Runtime/Cache/Home/2a94b8bda04ff446dcedd42276fc99ee.php 第 8 行.
INFO: Run Behavior\ParseTemplateBehavior [ RunTime:0.006984s ]
INFO: [ view_parse ] --END-- [ RunTime:0.007008s ]
INFO: [ view_filter ] --START--
INFO: Run Behavior\WriteHtmlCacheBehavior [ RunTime:0.000096s ]
INFO: [ view_filter ] --END-- [ RunTime:0.000117s ]
SQL: SHOW COLUMNS FROM `user` [ RunTime:0.0024s ]
SQL: SELECT * FROM `user` WHERE `id` > 1  [ RunTime:0.0003s ]
INFO: [ app_end ] --START--
INFO: Run Behavior\ShowPageTraceBehavior [ RunTime:0.006215s ]
INFO: [ app_end ] --END-- [ RunTime:0.006276s ]

[ 2015-08-05T14:45:02+08:00 ] ::1 /app/
INFO: [ app_init ] --START--
INFO: Run Behavior\BuildLiteBehavior [ RunTime:0.000008s ]
INFO: [ app_init ] --END-- [ RunTime:0.000179s ]
INFO: [ app_begin ] --START--
INFO: Run Behavior\ReadHtmlCacheBehavior [ RunTime:0.000226s ]
INFO: [ app_begin ] --END-- [ RunTime:0.000254s ]
NOTIC: [8] Use of undefined constant name - assumed 'name' /Users/duzexuan/www/app/Application/Home/Controller/IndexController.class.php 第 13 行.
NOTIC: [8] Use of undefined constant age - assumed 'age' /Users/duzexuan/www/app/Application/Home/Controller/IndexController.class.php 第 13 行.
NOTIC: [8] Use of undefined constant name - assumed 'name' /Users/duzexuan/www/app/Application/Home/Controller/IndexController.class.php 第 14 行.
NOTIC: [8] Use of undefined constant age - assumed 'age' /Users/duzexuan/www/app/Application/Home/Controller/IndexController.class.php 第 14 行.
NOTIC: [8] Use of undefined constant name - assumed 'name' /Users/duzexuan/www/app/Application/Home/Controller/IndexController.class.php 第 15 行.
NOTIC: [8] Use of undefined constant age - assumed 'age' /Users/duzexuan/www/app/Application/Home/Controller/IndexController.class.php 第 15 行.
INFO: [ view_parse ] --START--
INFO: [ template_filter ] --START--
INFO: Run Behavior\ContentReplaceBehavior [ RunTime:0.000017s ]
INFO: [ template_filter ] --END-- [ RunTime:0.000043s ]
NOTIC: [2] Illegal string offset 'name' /Users/duzexuan/www/app/Application/Runtime/Cache/Home/2a94b8bda04ff446dcedd42276fc99ee.php 第 8 行.
NOTIC: [2] Illegal string offset 'age' /Users/duzexuan/www/app/Application/Runtime/Cache/Home/2a94b8bda04ff446dcedd42276fc99ee.php 第 8 行.
NOTIC: [2] Illegal string offset 'name' /Users/duzexuan/www/app/Application/Runtime/Cache/Home/2a94b8bda04ff446dcedd42276fc99ee.php 第 8 行.
NOTIC: [2] Illegal string offset 'age' /Users/duzexuan/www/app/Application/Runtime/Cache/Home/2a94b8bda04ff446dcedd42276fc99ee.php 第 8 行.
NOTIC: [2] Illegal string offset 'name' /Users/duzexuan/www/app/Application/Runtime/Cache/Home/2a94b8bda04ff446dcedd42276fc99ee.php 第 8 行.
NOTIC: [2] Illegal string offset 'age' /Users/duzexuan/www/app/Application/Runtime/Cache/Home/2a94b8bda04ff446dcedd42276fc99ee.php 第 8 行.
INFO: Run Behavior\ParseTemplateBehavior [ RunTime:0.002819s ]
INFO: [ view_parse ] --END-- [ RunTime:0.002841s ]
INFO: [ view_filter ] --START--
INFO: Run Behavior\WriteHtmlCacheBehavior [ RunTime:0.000117s ]
INFO: [ view_filter ] --END-- [ RunTime:0.000144s ]
SQL: SHOW COLUMNS FROM `user` [ RunTime:0.0020s ]
SQL: SELECT * FROM `user` WHERE `id` > 1  [ RunTime:0.0002s ]
INFO: [ app_end ] --START--
INFO: Run Behavior\ShowPageTraceBehavior [ RunTime:0.000403s ]
INFO: [ app_end ] --END-- [ RunTime:0.000440s ]

[ 2015-08-05T14:45:07+08:00 ] ::1 /app/
INFO: [ app_init ] --START--
INFO: Run Behavior\BuildLiteBehavior [ RunTime:0.000010s ]
INFO: [ app_init ] --END-- [ RunTime:0.000180s ]
INFO: [ app_begin ] --START--
INFO: Run Behavior\ReadHtmlCacheBehavior [ RunTime:0.000223s ]
INFO: [ app_begin ] --END-- [ RunTime:0.000250s ]
NOTIC: [8] Use of undefined constant name - assumed 'name' /Users/duzexuan/www/app/Application/Home/Controller/IndexController.class.php 第 13 行.
NOTIC: [8] Use of undefined constant age - assumed 'age' /Users/duzexuan/www/app/Application/Home/Controller/IndexController.class.php 第 13 行.
NOTIC: [8] Use of undefined constant name - assumed 'name' /Users/duzexuan/www/app/Application/Home/Controller/IndexController.class.php 第 14 行.
NOTIC: [8] Use of undefined constant age - assumed 'age' /Users/duzexuan/www/app/Application/Home/Controller/IndexController.class.php 第 14 行.
NOTIC: [8] Use of undefined constant name - assumed 'name' /Users/duzexuan/www/app/Application/Home/Controller/IndexController.class.php 第 15 行.
NOTIC: [8] Use of undefined constant age - assumed 'age' /Users/duzexuan/www/app/Application/Home/Controller/IndexController.class.php 第 15 行.
INFO: [ view_parse ] --START--
INFO: [ template_filter ] --START--
INFO: Run Behavior\ContentReplaceBehavior [ RunTime:0.000017s ]
INFO: [ template_filter ] --END-- [ RunTime:0.000045s ]
NOTIC: [2] Illegal string offset 'name' /Users/duzexuan/www/app/Application/Runtime/Cache/Home/2a94b8bda04ff446dcedd42276fc99ee.php 第 8 行.
NOTIC: [2] Illegal string offset 'age' /Users/duzexuan/www/app/Application/Runtime/Cache/Home/2a94b8bda04ff446dcedd42276fc99ee.php 第 8 行.
NOTIC: [2] Illegal string offset 'name' /Users/duzexuan/www/app/Application/Runtime/Cache/Home/2a94b8bda04ff446dcedd42276fc99ee.php 第 8 行.
NOTIC: [2] Illegal string offset 'age' /Users/duzexuan/www/app/Application/Runtime/Cache/Home/2a94b8bda04ff446dcedd42276fc99ee.php 第 8 行.
NOTIC: [2] Illegal string offset 'name' /Users/duzexuan/www/app/Application/Runtime/Cache/Home/2a94b8bda04ff446dcedd42276fc99ee.php 第 8 行.
NOTIC: [2] Illegal string offset 'age' /Users/duzexuan/www/app/Application/Runtime/Cache/Home/2a94b8bda04ff446dcedd42276fc99ee.php 第 8 行.
INFO: Run Behavior\ParseTemplateBehavior [ RunTime:0.002862s ]
INFO: [ view_parse ] --END-- [ RunTime:0.002885s ]
INFO: [ view_filter ] --START--
INFO: Run Behavior\WriteHtmlCacheBehavior [ RunTime:0.000126s ]
INFO: [ view_filter ] --END-- [ RunTime:0.000197s ]
SQL: SHOW COLUMNS FROM `user` [ RunTime:0.0022s ]
SQL: SELECT * FROM `user` WHERE `id` > 1  [ RunTime:0.0003s ]
INFO: [ app_end ] --START--
INFO: Run Behavior\ShowPageTraceBehavior [ RunTime:0.000436s ]
INFO: [ app_end ] --END-- [ RunTime:0.000470s ]

